# Metropolis (ϵ = 0.1)
0.06791074260357777	0.0828413482900036
0.054425355410525594	0.14150305575331457
0.06092011026535983	0.13060131724514282
0.21835313047905874	0.06171060446257301
0.2581013714008751	0.1428735667132605
0.23934410320635907	-0.017852065699517028
0.4669673864848115	0.0041172810547370695
0.40684202706627315	0.118344924948869
0.434788652275263	0.12948709275802073
0.4821600844901961	0.1595104856604177
0.6244649425566279	0.20034916735658848
0.5948371728457204	0.2694602407676132
0.5948371728457204	0.2694602407676132
0.7345433175856946	0.3176158447200384
0.759177580886521	0.2997369714887362
0.740635162713222	0.42670934059226145
0.7339164921850279	0.48443753925144034
0.5044674578576772	0.3671349640245562
0.45506319187724653	0.418330894255772
0.37826720792694063	0.4153005766237152
0.33000679415503464	0.29954568982653335
0.19281368115092581	0.14573999978044855
-0.003034074873087683	0.0984268669924287
0.0777476404981669	-0.006665400175211278
0.09299771223740139	-0.039674691142575186
0.04871328033544206	0.07001169655434936
0.07794259977674421	-0.276724956535205
0.08968975281993435	-0.06636878029793303
-0.1211554230574266	-0.01069464054369243
-0.16884940856743075	0.006764756286091033
-0.12469211533187041	0.17445412657030152
0.10668713680009045	0.16626903143214253
0.2286502395508422	0.04408218857235503
0.3086213397777499	-0.024200977302081053
0.3226927019993234	-0.036862146689067864
0.3226927019993234	-0.036862146689067864
0.2069414454920796	0.016498282677770287
0.30552731822440365	-0.10238383023607608
0.3057308887422185	-0.15019768386233134
0.221474097289663	-0.19945705759924087
0.05734439575529188	-0.3644215797090075
0.0636840664609206	-0.35256979111361464
-0.0054426981084025605	-0.3580796068168946
-0.1485622410478778	-0.40303105386156
-0.040826006204623164	-0.4091791680235834
-0.13673952677324974	-0.38767913434060375
-0.3429560192012299	-0.3629849119230642
-0.0033218516291375066	-0.2992745534199629
0.011438576013132883	-0.25893521816705145
-0.10881394899889915	-0.29650374638250915
-0.20676734366623722	-0.3725302775267423
-0.29000068498414644	-0.5168230561970075
-0.2754392579002978	-0.38549680107893
-0.3439500936450993	-0.44693447182482116
-0.38400825948384976	-0.46948270561021294
-0.3203541519818251	-0.5142751086282101
-0.4247151635345262	-0.6822145146897851
-0.4761780747323125	-0.6635600077651043
-0.5077302975176773	-0.5323506286757378
-0.5264618709647954	-0.6079228420399412
-0.4758271308486799	-0.4957790238772889
-0.3584685452357469	-0.3928322693902466
-0.45545725623872235	-0.20424189051879496
-0.48851261877455343	-0.04266438530191485
-0.6481128590256071	-0.1422514239916511
-0.8273638833768351	-0.25670705788772447
-1.0384656174827023	-0.13477358272952
-1.1387087800599867	-0.18514961901818358
-1.04794511029201	-0.1130656806793264
-1.0717147106323985	-0.21635424994707733
-1.1881609112285851	-0.09519614039774096
-1.2234273074502855	-0.22255598942474117
-1.2234273074502855	-0.22255598942474117
-1.3054314602017807	-0.2055264841428222
-1.3054314602017807	-0.2055264841428222
-1.4053711938803202	-0.3152001670269938
-1.4689396226895328	-0.2077821546788804
-1.4411725195507787	-0.12555967614588948
-1.4335454589405578	-0.12907597479991317
-1.3840074293524467	-0.09938968538695916
-1.369023984130996	-0.22617068275391125
-1.4484805582516502	-0.19854497156421358
-1.584045262733025	-0.23825792395844006
-1.66979039474654	-0.344813641058182
-1.5776606219133549	-0.40212107625509164
-1.5827667443085545	-0.3911371680477711
-1.6434417883713845	-0.5501756675244165
-1.7255251939597793	-0.6442011011805358
-1.7235925104900716	-0.6718705218678785
-1.7235925104900716	-0.6718705218678785
-1.7235925104900716	-0.6718705218678785
-1.649435551759946	-0.44586238895378677
-1.6547417127240103	-0.40418349280371757
-1.5351847730089496	-0.2558297889602237
-1.54818990386991	-0.18580013441107046
-1.5891946661157677	-0.2549937164226954
-1.5846003049081943	-0.21442459337440004
-1.5781125925442476	-0.2819526764815853
-1.5709935067565204	-0.2724950500577998
-1.605565603471005	-0.35603484683460546
-1.5512107896879794	-0.42726726645650304
-1.4126856502841978	-0.4731644128293563
-1.463726822763619	-0.5214659961879946
-1.5111583031626878	-0.40120548837524195
-1.5806553384029285	-0.619117178553273
-1.595096308323566	-0.5355208708160915
-1.6150919816828375	-0.6834293299150714
-1.5402144115597485	-0.7613513433786249
-1.6054565786449684	-0.8757481313225302
-1.5935678478855022	-1.0811793800505787
-1.6495133720553246	-1.0426971114481323
-1.6495133720553246	-1.0426971114481323
-1.5438154410728806	-1.0994390589828318
-1.3879703815119029	-0.9235679335232255
-1.3294975616698677	-0.7351527784784576
-1.3294975616698677	-0.7351527784784576
-1.299012770553355	-0.7084800132047018
-1.3278613222690714	-0.6354982140912778
-1.2275560279880933	-0.4744949413896971
-1.1153986614319302	-0.43855284275487205
-1.0698721918282037	-0.41209355332800973
-1.086396695695724	-0.3490294729511861
-1.086396695695724	-0.3490294729511861
-1.1020637212497368	-0.44850528482815233
-0.9417442987068343	-0.49559141439472976
-0.807075938286228	-0.5929224678160595
-0.785479635808091	-0.46130267643382494
-0.4962747245353431	-0.5908244508054066
-0.5496998505145064	-0.7004608076978185
-0.6074539500461424	-0.5130456733555184
-0.5231896255928479	-0.4933304974862742
-0.5955020871530166	-0.4465096801016749
-0.8285743349133506	-0.5585217563579971
-0.8285743349133506	-0.5585217563579971
-0.7819706879321872	-0.37880846771557675
-0.663794708000201	-0.2832783212685253
-0.42959386568262414	-0.3467668474822294
-0.4794286963785812	-0.26626563149462495
-0.4652853054631782	-0.27476129368329444
-0.5106139611732071	-0.36445109230589895
-0.3812446002185859	-0.2736259401622817
-0.49441988458715486	-0.44158991149500576
-0.6332462708647176	-0.5423516595018478
-0.7184868238921944	-0.6566520916828478
-0.772344639320738	-0.5895321744300932
-0.7569769024041423	-0.6309341067280662
-0.5905141684765198	-0.4710344499730525
-0.5619940804617775	-0.4351254706568211
-0.5702413331312608	-0.44280623992104456
-0.5684130155831004	-0.404273447963859
-0.5941313919799488	-0.5215250994564548
-0.6780782223209991	-0.5687908310896572
-0.6059468439786104	-0.726619358906181
-0.7296304566540852	-0.7875612650609669
-0.7296304566540852	-0.7875612650609669
-0.8116800782781285	-0.8128007708077556
-0.8116800782781285	-0.8128007708077556
-0.8175005278946004	-0.7868419884831382
-0.8958256451249541	-0.9050855349881184
-1.0164488708297592	-0.9332070357324672
-0.9979473458455681	-0.857873780766447
-0.9840750337395628	-0.9746150762830802
-0.9359369402822204	-0.7429806526068868
-0.9948819366751747	-0.6558925511079189
-0.8384535260329187	-0.7310173529370053
-0.879757190681743	-0.6495712967635033
-0.9785124649028982	-0.6205584426572419
-1.1629968371018788	-0.6020362336484195
-1.2427749021036607	-0.5048851675840178
-1.2266824821293025	-0.5346922361202384
-1.2182903036476613	-0.7431732012574934
-1.1676913946635945	-0.9411195155467645
-1.120901343607337	-0.8703772927417159
-1.1505936850521534	-0.8315286701651956
-1.1940324248582983	-0.8011324714885132
-1.24169316561997	-0.7758140794152045
-1.3295097867438856	-0.7969976793040019
-1.3157083148896236	-0.8446694440141288
-1.3157083148896236	-0.8446694440141288
-1.4023476832342139	-1.0019149416647215
-1.3837333376621048	-1.1174608551854304
-1.3407991673465474	-1.2901430990815108
-1.3895052137725146	-1.2959883994457269
-1.246539009548579	-1.355557943350533
-1.0277029068326078	-1.3170942588236405
-1.0277029068326078	-1.3170942588236405
-0.9116020585204255	-1.2815698042514496
-0.8483211422519529	-1.4376578130088171
-0.7656741063308065	-1.4336344096223976
-0.9207607314621619	-1.4567971355357754
-0.8126280120099826	-1.3750962692392368
-0.8968752561879926	-1.2978720709038787
-0.7571107810771731	-1.1144614271485471
-0.7239583329742136	-1.0386313718230942
-0.6712216276725398	-1.0088649270904444
-0.8974448283690765	-1.2264173963664455
-1.0828230611262193	-0.9793957380648205
-1.0614082398572064	-0.9413019631247124
-0.967744459080439	-0.9301213984684787
-0.9027317545907805	-0.7825223753354877
-0.8831142367085533	-0.803745443177017
-0.9797111071139969	-0.8030310091470798
-0.9511145582038303	-0.7656066239157739
-0.7689460786106386	-0.7147457329829645
-0.7745240155481602	-0.6856744076239664
-0.6576132100088367	-0.7192415495229657
-0.7070804178220166	-0.6656585739572336
-0.6916421673661474	-0.6381458128256489
-0.45910689812270744	-0.6656878892039135
-0.5326966805789848	-0.6931201645192647
-0.3844985435129167	-0.44547623068444603
-0.3567605202938771	-0.43532974597312796
-0.4070962471301876	-0.4861687769187535
-0.5261191262911638	-0.43267679421827215
-0.4934449641762354	-0.27770112141180703
-0.3966566948198548	-0.4115360369692821
-0.3500498505818411	-0.5153198148654414
-0.28211740312433614	-0.6866925922744649
-0.3583734518535766	-0.8373178434709492
-0.46048486758350476	-0.8517973992552608
-0.6002815861200682	-0.7142081741379016
-0.5579720423421108	-0.6847229355915945
-0.32372452097060944	-0.6020172532034853
-0.27096129750085063	-0.5520846583258302
-0.18422800984008247	-0.5327493314090598
-0.13604592992797587	-0.506274492362766
-0.08709307653144435	-0.6138142288796549
-0.21138461953585755	-0.6240137087669377
-0.4133458365548077	-0.6666985987856611
-0.40844490759176466	-0.6784981371773171
-0.5423577106219958	-0.68550671169488
-0.46257140874388086	-0.5846061947235377
-0.398611802131851	-0.793326925612876
-0.4752246402038791	-0.7455836867957181
-0.40979452419316503	-0.6599398702211097
-0.4517616070862864	-0.8244966561896537
-0.5087293843891237	-0.8031811412586771
-0.47308883305248783	-0.7316047324427162
-0.5641065802506563	-0.7911573777947993
-0.6599045232609563	-0.7740297477531103
-0.7685425809904818	-0.9202578731046089
-0.7774486747759755	-1.0256530844185376
-0.8247824954577395	-1.0494565140164145
-0.9675791096237688	-1.1454920559728143
-0.9085931122735331	-1.1993066442594196
-0.8286357168990396	-1.1975670275188883
-0.8211244968963628	-1.1290674593868193
-0.8902448158004265	-1.3399103405523205
-0.8823293353054592	-1.254719207599242
-0.7571346416893643	-1.0391687798406846
-0.8180189304104211	-1.0679952128683383
-0.7844067645997944	-1.1254038768366665
-0.6354242846573499	-1.2637899321420076
-0.6867912232408225	-1.184796699682587
-0.6684987707135335	-1.1810014237570512
-0.7345026675147732	-1.1459034061019107
-0.7201371441921841	-1.1449180994378476
-0.6094867139741103	-1.1334497783778388
-0.7556741913855032	-1.098993773789121
-0.7709891863070953	-1.0810632983809503
-0.73144125899708	-1.140560887117993
-0.6853014386077154	-1.2845973370343913
-0.6519411593927015	-1.3816044970135106
-0.6505123421478705	-1.3264578749399014
-0.42488435959854376	-1.3714354689627548
-0.46639253705811856	-1.3952178064008147
-0.5647116404762789	-1.3545269022212696
-0.5083037980142415	-1.2212258515023977
-0.6087083157290735	-1.1672619788355343
-0.5595396133938729	-1.181843858255862
-0.5595396133938729	-1.181843858255862
-0.654107709497945	-0.9955971670746148
-0.8172297857990508	-0.9657380596366193
-0.8803341655467911	-0.8392640311057833
-1.0325388285761505	-0.8202362872480696
-0.9432173544116239	-0.7353467162273335
-0.8268962251419162	-0.7725118933165811
-0.6827633177198509	-0.5721914763985768
-0.6717708221944623	-0.7070399418937257
-0.6912984572117091	-0.686535679625829
-0.7601509389118716	-0.7956578561456167
-0.7722617831437403	-0.7930178147988325
-0.845160687142661	-1.0652996078542587
-0.7476297898087853	-0.9209485076329176
-0.5452635572218376	-0.812839568645827
-0.5733444276741345	-0.7079617456970055
-0.6362578333728427	-0.7024925614293425
-0.8082165439225133	-0.5454712725184818
-0.6558555542337211	-0.6615191489696921
-0.7223801779116635	-0.6817036839678559
-0.6960477964239224	-0.6242609590920125
-0.7163150459259419	-0.6048219961326831
-0.8460358283667122	-0.6282987208987286
-0.7348665756556703	-0.9207056052746116
-0.836390424105639	-1.1230676789414267
-0.836390424105639	-1.1230676789414267
-0.9825967571563465	-1.161638246621331
-1.16588354549215	-1.1158248530063584
-1.1837773473026796	-1.097600818716542
-1.1673532454664108	-0.9750420890365581
-1.0145470212726713	-1.1849945911619932
-0.8895080432082602	-1.2596223506204138
-1.0367237290270017	-1.3283075632051302
-1.1017469687282457	-1.180953202662325
-1.1315985842091396	-1.023936226661204
-1.1595539941553579	-1.0000176884732177
-1.2829927066291802	-1.1521614006353027
-1.3809504039397689	-1.218405085478765
-1.3903080670872405	-1.1510279564226564
-1.2686591648777914	-1.1597536725154831
-1.152468294588145	-1.2828175130929753
-1.12355200321498	-1.2336245968438668
-1.049861107757857	-1.1939820426255534
-1.1500060296652637	-1.0657398252030499
-1.3202034338737176	-1.0886490676730862
-1.2223071935411245	-1.3017303380005512
-1.3456475830913814	-1.2514833916065993
-1.3240354714514362	-1.4516681497615527
-1.3862270225207005	-1.3970200328246143
-1.2941836273160423	-1.531311906420835
-1.237503042488577	-1.4206344286108594
-1.2398016918374226	-1.3304537821510614
-1.2879932404837784	-1.3372271749044202
-1.2976183598524982	-1.3252089870033472
-1.3014513965514967	-1.4306262397470506
-1.1395483498797823	-1.4069479633594788
-1.1268316333969424	-1.5709422089982015
-1.2276385426062741	-1.5265015394097126
-0.9766380641041926	-1.697105027496164
-0.9766380641041926	-1.697105027496164
-1.0901229251311515	-1.6080681716788991
-1.0901229251311515	-1.6080681716788991
-1.2032443794412229	-1.6636910126390085
-1.208821996587596	-1.619587666562433
-1.208821996587596	-1.619587666562433
-1.078907509272326	-1.5431510347201143
-0.947247625146707	-1.3796476877358779
-0.9345706931811804	-1.4425250024128136
-0.8852693315956	-1.4272971475417628
-0.9674840135415534	-1.464004136178752
-0.9654753071992358	-1.4796751480198786
-0.9601326575559321	-1.481344225026459
-0.890553963897088	-1.4242089720796993
-0.9789644737237391	-1.5751125146506086
-0.9468073399544179	-1.600311875772994
-0.9687890606992973	-1.4235795121218437
-0.9285522682589726	-1.5409031418197061
-1.0922096493074633	-1.4343582165544917
-0.9173067381800291	-1.5157021242709219
-0.8451730966748751	-1.6103546611302106
-0.8828180537930588	-1.527402035324463
-0.8215481980039444	-1.589509348620362
-0.8952191438264089	-1.588124534365141
-1.0677064922564936	-1.6138378429949076
-0.9700028180865412	-1.6564385871308709
-0.9948138156154853	-1.7693555494747715
-0.938909497750506	-1.6373255401104783
-1.050043837337713	-1.6833673069436554
-1.050043837337713	-1.6833673069436554
-1.135138019786871	-1.6380477703067884
-1.0750360059501665	-1.4463588211126719
-1.1227066680495237	-1.5001028928436777
-1.1420134496390353	-1.456224754922852
-1.0887606953003874	-1.4275187145522996
-0.8843973435168301	-1.277709487884875
-0.9665402834406809	-1.302367739598232
-0.9671769687268326	-1.3995629023421872
-0.8531171056557948	-1.2628945682801056
-0.8129627325210758	-1.2309635432978505
-0.818601805800762	-1.1912201933528543
-0.8071884576995327	-1.1557768010749807
-0.9499790979425311	-1.2376961343224977
-0.9572740819376381	-1.4461667752674994
-1.0072397487937403	-1.3866925014298421
-1.1417210475395283	-1.4436593338925576
-1.0725044102540413	-1.571486679654781
-1.0846243194025411	-1.5374279546583887
-1.1199815431838622	-1.4816491682577453
-1.3253829752577353	-1.4910913731590423
-1.1725803645904813	-1.4014678964032192
-1.3325762758056614	-1.4853335297913555
-1.2923842396299978	-1.5494107304214082
-1.3015172873352518	-1.6267743639428112
-1.2547907359592458	-1.57926196924882
-1.3006148702621703	-1.360233941749021
-1.353833078590433	-1.2910451193530879
-1.3431579480828795	-1.4262334298110098
-1.2961263809559433	-1.301575715734155
-1.2876006071208272	-1.4153415684722837
-1.3969995484366142	-1.2457358620281958
-1.5297069306495414	-1.143034047928516
-1.4353048255875178	-1.257883755159764
-1.2339281539197935	-1.058275029405312
-1.1928983485358262	-1.1169311788209626
-1.1781265696555516	-1.2168350832151893
-1.2449544970763402	-1.3203994888228139
-1.1345295056245184	-1.2722872330183614
-1.2103777140316558	-1.1246210400822239
-1.1682396041934522	-1.1508799405753063
-1.1330132491481752	-1.239913621148831
-1.1853178623220035	-1.1614455625390285
-1.1267870717742037	-1.1868298636233414
-1.1267870717742037	-1.1868298636233414
-0.9633998779888758	-1.2016370401309084
-1.0952876925201316	-1.316494350381254
-1.171280452927325	-1.3456034721135548
-1.2113124126817616	-1.3172110939244839
-1.3145013848080969	-1.3741553488159792
-1.372940430418494	-1.6062054087040927
-1.4744094656592692	-1.5899239700899692
-1.4110625967391799	-1.6082413754378486
-1.3822424396140416	-1.57603207163049
-1.489892274120944	-1.4527708066181837
-1.4509310592089786	-1.4533291110208373
-1.4637267112356132	-1.3321017347799933
-1.2290498903461557	-1.2017070927894935
-1.1487126248296136	-1.2853506843974105
-1.1387876858722588	-1.252248319718528
-1.1387876858722588	-1.252248319718528
-1.0635725081289293	-1.1992588268051887
-0.8882176681160505	-1.2445072690758272
-0.960881526364346	-1.2835650917575414
-1.0945561696768624	-1.1297830579835684
-1.1898059827353218	-1.346190407369509
-1.202874559407674	-1.3166640761259572
-1.1940621603137906	-1.2884053389803019
-1.08092819437002	-1.391987581083101
-1.0857836982063709	-1.4160169140385013
-1.0142029802504993	-1.3140627077495963
-1.0591413738512527	-1.3022728691249525
-1.257912830090355	-1.4346567669874362
-1.2539978903204532	-1.5022257872326141
-1.4038738645378088	-1.3812441609959434
-1.5013960470468575	-1.4552548083023154
-1.5201502332996966	-1.5309767261001768
-1.5361637739591625	-1.6217991896355444
-1.6814984823806471	-1.6704647886918476
-1.6464534010745706	-1.6895523699340471
-1.542890667594409	-1.5935752311900846
-1.593283667570825	-1.5290201980726252
-1.577604677641298	-1.6080130997653421
-1.390083058362031	-1.556442872287562
-1.2798678364427	-1.5367946589568329
-1.4759712773538534	-1.297542174942511
-1.663911435867668	-1.1878761073559811
-1.7012212427652955	-1.248706465533476
-1.7469041044235392	-1.3090070488243257
-1.7469041044235392	-1.3090070488243257
-1.8280403095865672	-1.2948578302379434
-1.8942066034157032	-1.3486880021513843
-1.7195645978013352	-1.1614039890242434
-1.771752437786775	-1.1658821745668178
-1.679168310709489	-1.10584642649048
-1.679168310709489	-1.10584642649048
-1.6979947367163846	-1.073398288096727
-1.6229132335200016	-1.0092177382346181
-1.5856714405242345	-0.9309152851100169
-1.4840070562142045	-1.0987350056672547
-1.5283744682236695	-1.2432385446319234
-1.6001305978351656	-1.1984208651654706
-1.5993217279132754	-1.1601330524096987
-1.612885873521426	-1.1477767492430653
-1.631513516926477	-1.177083284425852
-1.7196947278117778	-1.0826940781103946
-1.5529287604653355	-1.1538565917188919
-1.6898131573857567	-1.2471830188031596
-1.6483730726249473	-1.4857710677307934
-1.6183554567804932	-1.5940941152234802
-1.5529410317998833	-1.663092860655517
-1.5529410317998833	-1.663092860655517
-1.5515474023740683	-1.6679500785041392
-1.543900707335668	-1.5875071027311873
-1.5615655554094616	-1.4609171089657573
-1.3988490721788964	-1.2815582357585704
-1.329375895993263	-1.0869088418922566
-1.3882508672627432	-1.1210830732810053
-1.4145955665660193	-1.0221971864821389
-1.3952621495754127	-1.0258154500016747
-1.459919576690506	-0.9541715649400992
-1.6105548835104304	-0.936082034027502
-1.6349586795290814	-0.9227914535598994
-1.683949175711374	-0.7414532632227034
-1.7374052378171103	-0.838187207322202
-1.6075801488413313	-0.85001402350198
-1.509716629538775	-1.0203262803655426
-1.7954809019568363	-1.0063002685716038
-1.7941544284114355	-1.0913772297918447
-1.9769254417786501	-1.1799353252463338
-2.030164254106607	-1.4617447676470994
-1.9416137344328948	-1.518860189271784
-1.9416137344328948	-1.518860189271784
-1.8564698019310366	-1.5950672558073706
-1.8564698019310366	-1.5950672558073706
-2.0407586385477474	-1.5693890973171074
-2.021408337387903	-1.5351244324618094
-2.021408337387903	-1.5351244324618094
-2.021724105001693	-1.751547039372885
-1.963625737921774	-1.6826327576188445
-2.0593304327774153	-1.9093423015307316
-1.8886383072084416	-1.8528648606207152
# Metropolis (ϵ = 0.5)
0.33955371301788884	0.41420674145001796
0.272126777052628	0.7075152787665728
0.30460055132679914	0.6530065862257141
0.30460055132679914	0.6530065862257141
0.5033417559358808	1.0588213974791514
0.4095554149633008	0.25519323541526373
1.5476718313555629	0.3650399691865342
1.2470450342628712	0.9361781886571938
1.3867781603078204	0.9918890277029525
1.3867781603078204	0.9918890277029525
1.3867781603078204	0.9918890277029525
1.2386393117532826	1.3374443947580763
1.2386393117532826	1.3374443947580763
1.9371700354531538	1.5782224145202022
1.9371700354531538	1.5782224145202022
1.844457944586659	2.2130842600378284
1.844457944586659	2.2130842600378284
0.6972127729499058	1.6265713839034077
0.6972127729499058	1.6265713839034077
0.6972127729499058	1.6265713839034077
0.4559107040903759	1.0477969499174984
-0.2300548609301683	0.2787684996870744
-0.2300548609301683	0.2787684996870744
0.1738537159261046	-0.24669283615112547
0.250104074622277	-0.41173929098794504
0.02868191511248039	0.13669264749667764
0.02868191511248039	0.13669264749667764
0.02868191511248039	0.13669264749667764
0.02868191511248039	0.13669264749667764
-0.2097880124375403	0.22398963164559493
0.010998453740261371	1.0624364830666473
1.1678947144000658	1.0215110073758524
1.1678947144000658	1.0215110073758524
1.5677502155346044	0.680095178003672
1.5677502155346044	0.680095178003672
1.5677502155346044	0.680095178003672
0.9889939329983854	0.9468973248378627
0.9889939329983854	0.9468973248378627
0.9900117855874597	0.7078280567065864
0.5687278283246822	0.4615311880220388
-0.2519206793471733	-0.3632914225267943
-0.22022232581902973	-0.30403247954983
-0.5658561486656455	-0.3315815580662297
-0.5658561486656455	-0.3315815580662297
-0.027174974449372336	-0.3623221288763466
-0.5067425772925052	-0.2548219604614483
-0.5067425772925052	-0.2548219604614483
-0.5067425772925052	-0.2548219604614483
-0.4329404390811532	-0.053125284196890915
-0.4329404390811532	-0.053125284196890915
-0.9227074124178436	-0.4332579399180564
-0.9227074124178436	-0.4332579399180564
-0.9227074124178436	-0.4332579399180564
-1.2652615911418512	-0.7404462936475125
-1.4655524203356034	-0.8531874625744713
-1.1472818828254803	-1.0771494776644572
-1.6690869405889857	-1.9168465079723322
-1.926401496577917	-1.823573973348928
-2.0841626105047406	-1.1675270779020959
-2.177820477740331	-1.5453881447231126
-1.9246467771597535	-0.9846690539098512
-1.3378538490950884	-0.4699352814746399
-1.3378538490950884	-0.4699352814746399
-1.3378538490950884	-0.4699352814746399
-1.3378538490950884	-0.4699352814746399
-1.3378538490950884	-0.4699352814746399
-1.3378538490950884	-0.4699352814746399
-1.8390696619815101	-0.7218154629179578
-1.3852513131416275	-0.36139577122367195
-1.5040993148435695	-0.8778386175624265
-1.5040993148435695	-0.8778386175624265
-1.6804312959520717	-1.5146378626974275
-1.6804312959520717	-1.5146378626974275
-1.6804312959520717	-1.5146378626974275
-1.6804312959520717	-1.5146378626974275
-1.6804312959520717	-1.5146378626974275
-1.6804312959520717	-1.5146378626974275
-1.5415957802583014	-1.1035254700324728
-1.503460477207197	-1.1211069633025912
-1.2557703292666411	-0.9726755162378211
-1.1808531031593872	-1.6065805030725815
-1.578135973762659	-1.468451947124093
-2.255959496169533	-1.6670167090952255
-2.684685156237108	-2.1997952945939354
-2.2240362920711823	-2.4863324705784833
-2.2495669040471804	-2.4314129295418803
-2.2495669040471804	-2.4314129295418803
-2.2495669040471804	-2.4314129295418803
-2.2399034866986414	-2.569760032978594
-2.2399034866986414	-2.569760032978594
-2.328765344599972	-1.7895313478516615
-1.957980550949344	-0.6594906832812026
-1.9845113557696654	-0.45109620253085664
-1.3867266571943617	0.2906723166866129
-1.3867266571943617	0.2906723166866129
-1.5917504684236499	-0.05529559337151174
-1.5687786623857831	0.1475500218699651
-1.53634010056605	-0.19009039366596106
-1.500744671627414	-0.14280226154703346
-1.6736051551998374	-0.5605012454310618
-1.401831086284709	-0.9166633435405496
-0.7092053892658012	-1.1461490754048156
-0.964411251662908	-1.3876569921980069
-1.2015686536582522	-0.7863544531342436
-1.2015686536582522	-0.7863544531342436
-1.27377350326144	-0.3683729144483362
-1.373751870057797	-1.107915209943236
-0.9993640194423514	-1.4975252772610028
-0.9993640194423514	-1.4975252772610028
-0.9993640194423514	-1.4975252772610028
-1.2790916402914632	-1.3051139342487712
-1.2790916402914632	-1.3051139342487712
-1.2790916402914632	-1.3051139342487712
-0.4998663424865748	-0.4257583069507399
-0.4998663424865748	-0.4257583069507399
-0.4998663424865748	-0.4257583069507399
-0.34744238690401175	-0.29239448058196066
-0.34744238690401175	-0.29239448058196066
0.15408408450087852	0.5126218829259428
0.7148709172816942	0.6923323761000679
0.9425032653003271	0.8246288232343796
0.8598807459627255	1.1399492251184977
0.8598807459627255	1.1399492251184977
0.7815456181926618	0.6425701657336664
0.7815456181926618	0.6425701657336664
0.7815456181926618	0.6425701657336664
0.889527130583347	1.3006691226448392
0.889527130583347	1.3006691226448392
0.6224015006875301	0.7524873381827797
0.6224015006875301	0.7524873381827797
0.6224015006875301	0.7524873381827797
0.6224015006875301	0.7524873381827797
-0.5429597381141402	0.19242695690116896
-0.8914318480963318	-0.7673170014503018
-0.8914318480963318	-0.7673170014503018
-0.3005519484364012	-0.2896662692150446
-0.3005519484364012	-0.2896662692150446
-0.5497261019161863	0.11283981072297761
-0.4790091473391714	0.07036149977963022
-0.705652425889316	-0.3780874933333923
-0.058805621116210016	0.07603826738469394
-0.6246820429590546	-0.7637815892789264
-0.6246820429590546	-0.7637815892789264
-1.0508848080964386	-1.3352837501839263
-1.3201738852391567	-0.9996841639201535
-1.2433352006561778	-1.2066938254100181
-0.4110215310180656	-0.40719554163494986
-0.2684210909443535	-0.2276506450537929
-0.3096573542917701	-0.26605449137491005
-0.30051576655096834	-0.07339053158898229
-0.42910764853521	-0.6596487890519609
-0.42910764853521	-0.6596487890519609
-0.42910764853521	-0.6596487890519609
-1.0475257119125838	-0.9643583198258907
-1.0475257119125838	-0.9643583198258907
-1.0475257119125838	-0.9643583198258907
-1.0475257119125838	-0.9643583198258907
-1.0766279599949435	-0.834564408202804
-1.0766279599949435	-0.834564408202804
-1.6797440885189692	-0.9751719119245482
-1.5872364635980138	-0.5985056370944475
-1.5178749030679877	-1.182212114677613
-1.2771844357812758	-0.024039996296646216
-1.2771844357812758	-0.024039996296646216
-0.4950423825699959	-0.3996640054420784
-0.7015607058141176	0.00756627542543159
-1.1953370769198937	0.15263054595673883
-1.1953370769198937	0.15263054595673883
-1.1953370769198937	0.15263054595673883
-1.1148749770481023	0.003595203275635478
-1.0729140846398968	-1.0388096224106396
-1.0729140846398968	-1.0388096224106396
-0.8389638293586088	-0.6850985083853967
-0.8389638293586088	-0.6850985083853967
-0.8389638293586088	-0.6850985083853967
-1.0772675331669663	-0.5585065480188531
-1.0772675331669663	-0.5585065480188531
-1.0082601738956565	-0.7968653715694878
-1.0082601738956565	-0.7968653715694878
-1.0082601738956565	-0.7968653715694878
-0.9151884460351116	-1.3745949391730325
-0.9151884460351116	-1.3745949391730325
-1.1587186781649474	-1.4038214409941123
-0.44388765704527033	-1.7016691605181427
-0.44388765704527033	-1.7016691605181427
-0.44388765704527033	-1.7016691605181427
-0.44388765704527033	-1.7016691605181427
-0.44388765704527033	-1.7016691605181427
-0.030652477439538417	-1.6815521435860448
-0.8060856030963153	-1.7973657731529333
-0.26542200583541886	-1.388861441670241
-0.6866582267254691	-1.0027404499934505
0.01216414882862804	-0.085687231216793
0.1779263893434253	0.29346304541047114
0.4416099158517944	0.4422952690737196
-0.6895060876308892	-0.6454670773062854
-0.6895060876308892	-0.6454670773062854
-0.5824319812858255	-0.4549982026057449
-0.11411307740198845	-0.39909537932457684
0.21095044504630422	0.3388997363403782
0.30903803445744027	0.23278439713273158
-0.1739463175697778	0.23635656728241777
-0.030963573018944757	0.42347849343894683
0.879878824947014	0.677782948102994
0.8519891402594059	0.8231395748979846
0.8519891402594059	0.8231395748979846
0.6046531011935062	1.0910544527266453
0.6818443534728524	1.2286182583845688
1.844520699690052	1.0909078764932456
1.4765717874086652	0.9537464999164897
1.4765717874086652	0.9537464999164897
1.6152619035038631	1.00447892347308
1.3635832693223109	0.7502837687449525
0.7684688735174302	1.0177436822473591
0.7684688735174302	1.0177436822473591
0.7684688735174302	1.0177436822473591
1.0015030947074988	0.49882479276656244
1.0015030947074988	0.49882479276656244
0.6202228510612966	-0.25430146321585867
0.10966577241165576	-0.3266992421374166
0.10966577241165576	-0.3266992421374166
0.3212134913014426	-0.17927304940588062
0.3212134913014426	-0.17927304940588062
0.5850296086502368	0.07038992498239496
0.5850296086502368	0.07038992498239496
0.8259400082107698	0.20276412021386372
0.8259400082107698	0.20276412021386372
0.20448229318870392	0.15176672077744918
0.20448229318870392	0.15176672077744918
0.22898693800391914	0.09276902881916896
0.22898693800391914	0.09276902881916896
0.22898693800391914	0.09276902881916896
0.22898693800391914	0.09276902881916896
-0.1540772523562213	0.33148522290495874
0.17307332769734898	0.7597043057780004
-0.03676208676825768	-0.06307962406472001
-0.3216009732824443	0.04349795059016286
-0.14339821659926466	0.40137999466996754
-0.598486952590107	0.10361676790955149
-0.598486952590107	0.10361676790955149
-1.1416772412377347	-0.6275238588479415
-1.1862077101652033	-1.1544999154175852
-1.4228768135740237	-1.27351706340697
-1.4228768135740237	-1.27351706340697
-1.127946826822845	-1.542590004839996
-1.127946826822845	-1.542590004839996
-1.0903907268094613	-1.2000921641796511
-1.0903907268094613	-1.2000921641796511
-1.0508133243346252	-0.7741364994142583
-0.42483985625415055	0.3036156393785281
-0.7292612998594344	0.15948347424025922
-0.5612004708063012	-0.12755984560138173
-0.5612004708063012	-0.12755984560138173
-0.5612004708063012	-0.12755984560138173
-0.469738208169856	-0.10858346597370278
-0.469738208169856	-0.10858346597370278
-0.39791059155691044	-0.10365693265338724
0.15534155953345896	-0.04631532735334325
-0.5755958275235055	0.12596469559024487
-0.6521708021314665	0.21561707263109925
-0.4544311655813896	-0.08187087105411528
-0.22373206363456632	-0.8020531206361057
-0.22373206363456632	-0.8020531206361057
-0.21658797741041136	-0.52632001026806
0.9115519353362223	-0.7512079803823264
0.7040110480383484	-0.8701196675726264
0.21241553094754656	-0.666665146674901
0.4944547432577334	-0.00015989308054165097
-0.0075678453164262915	0.2696594702537759
0.2382756663595766	0.19675007315213788
0.2382756663595766	0.19675007315213788
0.2382756663595766	0.19675007315213788
0.2382756663595766	0.19675007315213788
-0.07724623237912492	0.829120215806318
-0.07724623237912492	0.829120215806318
0.3693611384435084	1.2535680709099988
0.950966784792047	1.0677421854637608
0.950966784792047	1.0677421854637608
0.950966784792047	1.0677421854637608
0.950966784792047	1.0677421854637608
0.606704376291235	0.5221313028648223
0.5461501551318914	0.5353315095987432
0.18165563513728777	-0.8260774556783874
0.6693101218066667	-0.10432195457168181
0.6693101218066667	-0.10432195457168181
0.5289057695451822	0.42006716017242507
0.21433874105164147	0.4474130815107404
0.21433874105164147	0.4474130815107404
0.21433874105164147	0.4474130815107404
-0.1182843773380709	0.3464904065199215
-0.1182843773380709	0.3464904065199215
-0.1182843773380709	0.3464904065199215
-0.1182843773380709	0.3464904065199215
-0.1182843773380709	0.3464904065199215
-0.6259036195879144	-0.6653199618141532
-0.6259036195879144	-0.6653199618141532
-0.6259036195879144	-0.6653199618141532
-0.6259036195879144	-0.6653199618141532
-0.7153726286405625	-0.5741997903650713
-0.7153726286405625	-0.5741997903650713
-0.7153726286405625	-0.5741997903650713
-0.7153726286405625	-0.5741997903650713
-0.7153726286405625	-0.5741997903650713
-0.7153726286405625	-0.5741997903650713
-0.8646307060450322	0.21088508964053465
-1.004407755776123	0.3304777805804656
-1.6216013181452351	-0.43024078022995926
-2.1113898046981783	-0.7614592044472699
-2.1581781204355366	-0.42457355916672707
-1.5499336093882907	-0.46820213963085994
-0.9689792579400593	-1.0835213425183208
-0.8243978010742341	-0.8375567612727783
-0.45594332378861957	-0.6393439901812115
-0.45594332378861957	-0.6393439901812115
-0.45594332378861957	-0.6393439901812115
-0.45594332378861957	-0.6393439901812115
-1.0726452715399049	-0.3881092582114518
-0.9645847133401785	-1.389033048986219
-1.2755424686865002	-1.1157924643015267
-0.8153254926632092	-1.7872518322826303
-0.5319225685258817	-1.2338644432327524
-0.5434158152701101	-0.7829612109337625
-0.7843735585018887	-0.8168281747005571
-0.8324991553454878	-0.7567372351951915
-0.8516643388404808	-1.2838234989137085
-0.042149105481908866	-1.1654321169758493
-0.042149105481908866	-1.1654321169758493
-0.5461836515285675	-0.9432287690334044
-0.5461836515285675	-0.9432287690334044
-0.5461836515285675	-0.9432287690334044
-1.1136079566633614	-0.4980444899470792
-1.1136079566633614	-0.4980444899470792
-1.6792152282137187	-0.776158694747626
-1.7071033139455838	-0.5556419643647479
-0.7102441309487112	-0.8419015237578493
-0.06067169437236153	-0.4597183645462566
0.5976277262557329	0.35779837037492535
0.6610123860833664	0.04341179699024711
0.6610123860833664	0.04341179699024711
0.24993897635359869	-0.1401231461946981
0.25998250806518686	-0.2184782054003317
0.28669575628170507	-0.2268235904332331
0.6345892245759261	0.05885267430056498
0.19253667544267034	-0.6956650385539821
0.19253667544267034	-0.6956650385539821
0.08262807171827372	0.18799677970176853
0.28381203391989657	-0.39862136878754306
-0.5344748713225576	0.1341032575385287
0.34003968431461384	-0.27261628104362245
0.34003968431461384	-0.27261628104362245
0.15181489872369533	0.14214684798511568
0.458164177669267	-0.16838971849437917
0.08980944855694478	-0.16146564721827328
-0.7726272935934786	-0.29003219036710726
-0.28410892274371663	-0.5030359110469234
-0.28410892274371663	-0.5030359110469234
-0.0045873334188201165	0.15711413577454303
-0.560259031354855	-0.07309469839134261
-0.560259031354855	-0.07309469839134261
-0.9857299436006453	0.15350298479299287
-0.9857299436006453	0.15350298479299287
-1.224083254097431	-0.11521737386203565
-1.224083254097431	-0.11521737386203565
-0.9578194824041919	0.028312827990725903
0.06399727651359477	0.7773589613278499
-0.34671742310565945	0.654067702761064
-0.34990084953641765	0.16809188904128808
0.22039846581877098	0.851433559351696
0.421170331492366	1.0110886842629712
0.421170331492366	1.0110886842629712
0.47823707199851273	1.1883056456523395
-0.23571612921647878	0.7787089794147549
-0.27219104919201387	-0.2636442253102528
-0.5220193834725253	0.03372714387803338
-0.5220193834725253	0.03372714387803338
-0.17593619704509	-0.6054095849330834
-0.2365357427875889	-0.4351159599511219
-0.4133218616941945	-0.1562220279479049
-0.4133218616941945	-0.1562220279479049
0.3506911916420755	0.29189535583121057
-0.44928836443382447	-0.12743281110947013
-0.2483281835555067	-0.447818814259734
-0.2483281835555067	-0.447818814259734
-0.014695426675476214	-0.21025684078977785
-0.014695426675476214	-0.21025684078977785
-0.2807864683167891	0.1356872711898885
-0.22741081577902184	-0.5402542810997211
0.007747019855658482	0.08303428928455314
0.007747019855658482	0.08303428928455314
0.007747019855658482	0.08303428928455314
0.007747019855658482	0.08303428928455314
0.007747019855658482	0.08303428928455314
0.007747019855658482	0.08303428928455314
0.2128960467754953	-0.2102464577937
0.2128960467754953	-0.2102464577937
-0.12124359032844775	-0.7280684858318228
0.4308813669306609	-0.4875072068095607
0.05164032489497378	0.250823757871127
0.2623308740859923	0.11952925540571491
0.2623308740859923	0.11952925540571491
0.0008078082168512246	0.511869548454728
0.29346176095585086	0.384948043033164
-0.11363344914437934	0.11524241347547515
-0.11363344914437934	0.11524241347547515
-0.11363344914437934	0.11524241347547515
-0.49359725118034636	-0.03030319518602853
-0.6937570499525292	0.111658695759326
-0.6937570499525292	0.111658695759326
-0.9859522780045153	-1.048591603681241
-1.4932974542083914	-0.9671844106106237
-1.176563109607945	-1.0587714373500203
-1.032462323982253	-0.8977249183132279
-1.032462323982253	-0.8977249183132279
-0.8376562494224267	-0.900516440326496
-0.9016345095556	-0.29437955912227576
0.2717495948916866	0.3575936508302229
0.6734359224743975	-0.060624307209362405
0.7230606172611713	0.10488751618505035
-0.182114731485146	0.2185367565738468
0.19396115723150048	0.4834842211405426
0.19396115723150048	0.4834842211405426
-0.16935813400997674	0.28819510773197166
-0.16935813400997674	0.28819510773197166
-0.6456071993022734	-0.7938416391977311
-0.7109500826640347	-0.6462099829799715
-0.6668880871946187	-0.504916297251695
-0.6668880871946187	-0.504916297251695
-0.6911656063763727	-0.6250629620286956
-0.333262016597015	-0.1152919305841712
-0.5579539846007819	-0.056342737460952384
-1.5518112657962932	-0.7182622267733699
-1.5322365669467841	-1.05610732799926
-1.5322365669467841	-1.05610732799926
-2.019847479492027	-1.4261605645311202
-2.113618410756222	-1.8047701535204272
-2.193686114053552	-2.258882471197265
-2.193686114053552	-2.258882471197265
-2.0184607075231695	-2.354320377408263
-1.5006470401223608	-1.87443468368845
-1.7526120400044412	-1.551659518101153
-1.6742170903568054	-1.9466240265647379
-0.7366089939604703	-1.688772889175838
-0.7366089939604703	-1.688772889175838
-1.717126198516237	-0.49251046910422813
-1.717126198516237	-0.49251046910422813
-1.9036752330043745	-0.7966622599917033
-2.132089541295593	-1.098165176445952
-2.132089541295593	-1.098165176445952
-2.132089541295593	-1.098165176445952
-2.4629210104412733	-1.3673160360131567
-1.5897109823694333	-0.4308959703774523
-1.8506501822966324	-0.45328689809032413
-1.3877295469102024	-0.15310815770863528
-1.7733477156949895	-1.0512509667091856
-1.7733477156949895	-1.0512509667091856
-1.3979401997130754	-0.7303482173986409
-1.2117312347342395	-0.33883595177563447
-0.7034093131840897	-1.1779345545618236
-0.7034093131840897	-1.1779345545618236
-1.0621899612415706	-0.9538461572295595
-1.0581456116321195	-0.7624070934506992
-1.1259663396728719	-0.7006255776175323
-1.2191045566981271	-0.847158253531466
-1.2191045566981271	-0.847158253531466
-0.38527471996591545	-1.2029708215739525
-1.0696967045680212	-1.6696029569952908
-1.0696967045680212	-1.6696029569952908
-1.0696967045680212	-1.6696029569952908
-1.0696967045680212	-1.6696029569952908
-1.0696967045680212	-1.6696029569952908
-1.0627285574389467	-1.693889046238402
-1.0244950822469454	-1.2916741673736427
-1.1128193226159135	-0.6587241985464928
-0.2992369064630873	0.23807016748944132
0.04812897446508024	1.211317136821011
-0.24624588188232072	1.0404459798772674
-0.24624588188232072	1.0404459798772674
-0.14957879692928772	1.0223546622795876
-0.14957879692928772	1.0223546622795876
-0.14957879692928772	1.0223546622795876
-0.271597777022542	1.0888075646176008
-0.271597777022542	1.0888075646176008
-0.5388780875512239	0.6051378441201083
0.11024735732767121	0.5460037632212181
0.11024735732767121	0.5460037632212181
0.11024735732767121	0.5460037632212181
0.11687972505467492	0.12061895712001314
-0.7969753417813985	-0.32217152015243183
-0.7969753417813985	-0.32217152015243183
-0.35422274341283755	-0.607748628275855
-0.35422274341283755	-0.607748628275855
-0.35422274341283755	-0.607748628275855
-0.35422274341283755	-0.607748628275855
-0.35422274341283755	-0.607748628275855
-0.2574712376136155	-0.43642530399936474
-0.2574712376136155	-0.43642530399936474
-0.2574712376136155	-0.43642530399936474
0.03302059778597888	-0.09185389522916199
-0.44550287649222675	-1.225401614788598
-0.44550287649222675	-1.225401614788598
# Metropolis (ϵ = 1.0)
0.6791074260357777	0.8284134829000359
0.544253554105256	1.4150305575331457
0.6092011026535983	1.3060131724514281
0.6092011026535983	1.3060131724514281
1.0066835118717616	2.1176427949583028
0.8191108299266016	0.5103864708305275
0.8191108299266016	0.5103864708305275
0.21785723574121796	1.6526629097718468
0.49732348783111635	1.7640845878633642
0.9710378099804476	2.064318516887334
0.9710378099804476	2.064318516887334
0.9710378099804476	2.064318516887334
0.91410793388149	0.2932948715151946
0.91410793388149	0.2932948715151946
0.91410793388149	0.2932948715151946
0.7286837521485003	1.5630185625504474
0.7286837521485003	1.5630185625504474
0.7286837521485003	1.5630185625504474
0.7286837521485003	1.5630185625504474
0.7286837521485003	1.5630185625504474
0.24607961442944049	0.4054696945786287
-1.125851515611648	-1.1325872058822193
-1.125851515611648	-1.1325872058822193
-1.125851515611648	-1.1325872058822193
-0.9733507982193031	-1.4626801155558584
-0.9733507982193031	-1.4626801155558584
-0.9733507982193031	-1.4626801155558584
-0.9733507982193031	-1.4626801155558584
-0.9733507982193031	-1.4626801155558584
-1.4502906533193445	-1.2880861472580238
-1.008717720963741	0.38880755558408087
1.3050748003558676	0.30695660420249105
1.3050748003558676	0.30695660420249105
1.3050748003558676	0.30695660420249105
1.3050748003558676	0.30695660420249105
1.3050748003558676	0.30695660420249105
0.14756223528342982	0.8405608978708725
0.14756223528342982	0.8405608978708725
0.1495979404615783	0.3624223616083199
-0.6929699740639768	-0.13017137576077537
-0.6929699740639768	-0.13017137576077537
-0.6295732670076896	-0.011653489806846717
-0.6295732670076896	-0.011653489806846717
-0.6295732670076896	-0.011653489806846717
0.44778908142485674	-0.0731346314270806
-0.5113461242614088	0.1418657054027161
-0.5113461242614088	0.1418657054027161
-0.5113461242614088	0.1418657054027161
-0.3637418478387049	0.5452590579318308
-0.3637418478387049	0.5452590579318308
-0.3637418478387049	0.5452590579318308
-1.1960752610177972	-0.8976687287708218
-1.1960752610177972	-0.8976687287708218
-1.1960752610177972	-0.8976687287708218
-1.5966569194053017	-1.1231510666247395
-0.9601158443850553	-1.5710750968047116
-2.003725959912066	-3.2504691574204614
-2.518355071889929	-3.063924088173653
-2.8338772997435764	-1.7518302972799886
-3.021193034214757	-2.507552430922022
-2.514845633053602	-1.3861142492954992
-1.341259776924272	-0.35664670442507673
-1.341259776924272	-0.35664670442507673
-1.341259776924272	-0.35664670442507673
-1.341259776924272	-0.35664670442507673
-1.341259776924272	-0.35664670442507673
-1.341259776924272	-0.35664670442507673
-1.341259776924272	-0.35664670442507673
-0.4336230792445067	0.36419267896349505
-0.6713190826483906	-0.6686930137140141
-0.6713190826483906	-0.6686930137140141
-0.6713190826483906	-0.6686930137140141
-0.6713190826483906	-0.6686930137140141
-0.6713190826483906	-0.6686930137140141
-0.6713190826483906	-0.6686930137140141
-0.6713190826483906	-0.6686930137140141
-0.6713190826483906	-0.6686930137140141
-0.3936480512608497	0.15353177161589515
-0.31737744515864097	0.11836878507565832
0.1780028507224708	0.41523167920519843
0.32783730293697866	-0.8525782944643223
-0.4667284382695651	-0.5763211825673455
-1.8223754830833123	-0.9734507065096103
-2.6798268032184627	-2.03900787750703
-1.7585290748866114	-2.6120822294761257
-1.809590298838608	-2.50224314740292
-1.809590298838608	-2.50224314740292
-1.809590298838608	-2.50224314740292
-1.809590298838608	-2.50224314740292
-1.809590298838608	-2.50224314740292
-1.9873140146412687	-0.9417857771490545
-1.9873140146412687	-0.9417857771490545
-1.9873140146412687	-0.9417857771490545
-0.7917446174906613	0.5417512612858846
-0.7917446174906613	0.5417512612858846
-1.2017922399492376	-0.15018455883036474
-1.1558486278735043	0.25550667165258895
-1.090971504234038	-0.4197741594192634
-1.019780646356766	-0.3251978951814082
-1.3655016135016127	-1.160595862949465
-0.8219534756713558	-1.8729200591684405
-0.8219534756713558	-1.8729200591684405
-1.3323652004655693	-2.355935892754823
-1.8066800044562576	-1.1533308146272965
-1.8066800044562576	-1.1533308146272965
-1.8066800044562576	-1.1533308146272965
-1.8066800044562576	-1.1533308146272965
-1.0579043032253663	-1.9325509492628303
-1.0579043032253663	-1.9325509492628303
-1.0579043032253663	-1.9325509492628303
-1.6173595449235896	-1.547728263238367
-1.6173595449235896	-1.547728263238367
-1.6173595449235896	-1.547728263238367
-0.05890894931381285	0.2109829913576955
-0.05890894931381285	0.2109829913576955
-0.05890894931381285	0.2109829913576955
0.2459389618513132	0.477710644095254
0.2459389618513132	0.477710644095254
0.2459389618513132	0.477710644095254
0.2459389618513132	0.477710644095254
0.701203657888579	0.7423035383638773
0.5359586192133756	1.3729443421321137
0.5359586192133756	1.3729443421321137
0.37928836367324814	0.3781862233624512
0.37928836367324814	0.3781862233624512
0.37928836367324814	0.3781862233624512
0.37928836367324814	0.3781862233624512
0.37928836367324814	0.3781862233624512
0.37928836367324814	0.3781862233624512
0.37928836367324814	0.3781862233624512
0.37928836367324814	0.3781862233624512
0.37928836367324814	0.3781862233624512
0.37928836367324814	0.3781862233624512
0.37928836367324814	0.3781862233624512
0.37928836367324814	0.3781862233624512
0.37928836367324814	0.3781862233624512
0.37928836367324814	0.3781862233624512
-0.11905994328632219	1.1831983832384956
0.022373965867707707	1.0982417613518007
-0.4309125912325814	0.20134377512575563
0.8627810183136305	1.109595296561928
-0.26897182537205866	-0.5700444167653125
-0.26897182537205866	-0.5700444167653125
-1.1213773556468265	-1.7130487385753124
-1.659955509932263	-1.041849566047767
-1.506278140766305	-1.455868889027496
0.15834919850991924	0.14312767852264052
0.4435500786573434	0.5022174716849545
0.36107755196251023	0.4254097790427201
0.37936072744411375	0.8107376986145756
0.12217696347563045	-0.36177881631138176
-0.7172913399348729	-0.8344361326434069
-0.7172913399348729	-0.8344361326434069
-1.9541274666896205	-1.4438551941912663
-1.9541274666896205	-1.4438551941912663
-1.9541274666896205	-1.4438551941912663
-1.9541274666896205	-1.4438551941912663
-2.01233196285434	-1.1842673709450928
-2.01233196285434	-1.1842673709450928
-2.01233196285434	-1.1842673709450928
-1.8273167130124293	-0.43093482128489136
-1.6885935919523771	-1.5983477764512226
-1.6885935919523771	-1.5983477764512226
-1.6885935919523771	-1.5983477764512226
-1.6885935919523771	-1.5983477764512226
-1.6885935919523771	-1.5983477764512226
-1.6885935919523771	-1.5983477764512226
-1.6885935919523771	-1.5983477764512226
-1.6885935919523771	-1.5983477764512226
-1.5276693922087943	-1.8964184618134294
-1.5276693922087943	-1.8964184618134294
-1.5276693922087943	-1.8964184618134294
-1.0597688816462183	-1.1889962337629436
-1.0597688816462183	-1.1889962337629436
-1.0597688816462183	-1.1889962337629436
-1.5363762892629333	-0.9358123130298567
-1.5363762892629333	-0.9358123130298567
-1.3983615707203136	-1.412529960131126
-1.3983615707203136	-1.412529960131126
-1.3983615707203136	-1.412529960131126
-1.3983615707203136	-1.412529960131126
-1.3983615707203136	-1.412529960131126
-1.3983615707203136	-1.412529960131126
-1.3983615707203136	-1.412529960131126
-1.3983615707203136	-1.412529960131126
-1.3983615707203136	-1.412529960131126
-0.23735308759849105	-1.0572854144092163
-0.23735308759849105	-1.0572854144092163
0.5891172716129728	-1.0170513805450208
-0.961748979700581	-1.2486786396787979
0.11957821482121178	-0.431669976713413
-0.7228942269588885	0.34057200664016796
-0.7228942269588885	0.34057200664016796
-0.7228942269588885	0.34057200664016796
-0.19552717394215036	0.6382364539666648
-0.19552717394215036	0.6382364539666648
-0.19552717394215036	0.6382364539666648
-0.19552717394215036	0.6382364539666648
0.7411106338255238	0.750042100529001
0.7411106338255238	0.750042100529001
0.9372858126477959	0.5378114221137078
-0.028682891406640265	0.5449557624130802
0.2572825976950258	0.9191996147261383
0.2572825976950258	0.9191996147261383
0.2572825976950258	0.9191996147261383
0.2572825976950258	0.9191996147261383
0.2572825976950258	0.9191996147261383
0.41166510225371833	1.1943272260419855
0.41166510225371833	1.1943272260419855
0.41166510225371833	1.1943272260419855
0.41166510225371833	1.1943272260419855
0.6890453344441141	1.295792073155166
0.1856880660810094	0.787401763698911
0.1856880660810094	0.787401763698911
0.1856880660810094	0.787401763698911
0.1856880660810094	0.787401763698911
0.6517565084611463	-0.25043601526268233
0.6517565084611463	-0.25043601526268233
0.6517565084611463	-0.25043601526268233
-0.3693576488381354	-0.39523157310579815
-0.3693576488381354	-0.39523157310579815
0.05373778894143827	-0.10037918764272624
0.05373778894143827	-0.10037918764272624
0.05373778894143827	-0.10037918764272624
0.05373778894143827	-0.10037918764272624
0.5355585880625044	0.16436920282021128
0.5355585880625044	0.16436920282021128
-0.7073568419816274	0.062374403947382195
-0.7073568419816274	0.062374403947382195
-0.6583475523511969	-0.05562097996917824
-0.6583475523511969	-0.05562097996917824
-0.6583475523511969	-0.05562097996917824
-0.6583475523511969	-0.05562097996917824
-0.6583475523511969	-0.05562097996917824
-0.6583475523511969	-0.05562097996917824
-0.6583475523511969	-0.05562097996917824
-1.22802532537957	0.1575341693405875
-1.22802532537957	0.1575341693405875
-1.22802532537957	0.1575341693405875
-1.22802532537957	0.1575341693405875
-1.22802532537957	0.1575341693405875
-1.3170862632345073	-0.8964179437987002
-1.3170862632345073	-0.8964179437987002
-1.3170862632345073	-0.8964179437987002
-0.72722628973215	-1.4345638266647527
-0.72722628973215	-1.4345638266647527
-0.6521140897053825	-0.7495681453440628
-0.6521140897053825	-0.7495681453440628
-0.5729592847557105	0.10234318418672295
-0.5729592847557105	0.10234318418672295
-1.1818021719662783	-0.1859211460898148
-0.8456805138600119	-0.7600077857730967
-0.8456805138600119	-0.7600077857730967
-0.8456805138600119	-0.7600077857730967
-0.6627559885871215	-0.7220550265177388
-0.6627559885871215	-0.7220550265177388
-0.5191007553612303	-0.7122019598771077
-0.5191007553612303	-0.7122019598771077
-0.5191007553612303	-0.7122019598771077
-0.6722507045771524	-0.5328972057953989
-0.6722507045771524	-0.5328972057953989
-0.6722507045771524	-0.5328972057953989
-0.6722507045771524	-0.5328972057953989
-0.6579625321288425	0.01856901494069252
-0.6579625321288425	0.01856901494069252
-0.6579625321288425	0.01856901494069252
-0.6579625321288425	0.01856901494069252
-0.09388410750846876	1.3515795221294111
-0.09388410750846876	1.3515795221294111
0.397802915843537	1.205760727926135
0.16351945919824926	0.24039643652404663
0.16351945919824926	0.24039643652404663
0.16351945919824926	0.24039643652404663
0.16351945919824926	0.24039643652404663
0.16351945919824926	0.24039643652404663
1.0567342008435159	1.0892921467314083
1.0567342008435159	1.0892921467314083
1.0567342008435159	1.0892921467314083
1.0567342008435159	1.0892921467314083
1.0567342008435159	1.0892921467314083
0.36820938384189184	-0.0019296184664685523
0.24710094152320466	0.024470795001373138
0.24710094152320466	0.024470795001373138
0.24710094152320466	0.024470795001373138
0.24710094152320466	0.024470795001373138
-0.033707762999764246	1.073249024489587
-0.033707762999764246	1.073249024489587
-0.033707762999764246	1.073249024489587
-0.033707762999764246	1.073249024489587
-0.6989539997791889	0.8714036745079492
-0.6989539997791889	0.8714036745079492
-0.6989539997791889	0.8714036745079492
-0.6989539997791889	0.8714036745079492
-0.6989539997791889	0.8714036745079492
-1.714192484278876	-1.1522170621602001
-1.714192484278876	-1.1522170621602001
-1.714192484278876	-1.1522170621602001
-1.714192484278876	-1.1522170621602001
-1.8931305023841722	-0.9699767192620363
-1.8931305023841722	-0.9699767192620363
-1.8931305023841722	-0.9699767192620363
-0.6427407217400614	-1.7162543138462425
-0.6427407217400614	-1.7162543138462425
-1.2929731187525022	-0.24271070841819187
-1.2929731187525022	-0.24271070841819187
-1.2929731187525022	-0.24271070841819187
-1.2929731187525022	-0.24271070841819187
-1.2929731187525022	-0.24271070841819187
-1.2929731187525022	-0.24271070841819187
-0.0764840966580107	-0.3299678693464576
-0.0764840966580107	-0.3299678693464576
0.21267881707363973	0.16196129314462737
0.9495877716448688	0.558386835327761
0.9495877716448688	0.558386835327761
0.9495877716448688	0.558386835327761
0.9495877716448688	0.558386835327761
0.9495877716448688	0.558386835327761
0.9495877716448688	0.558386835327761
0.32767226095222546	1.1048680046971457
1.2481062129988074	-0.2380507312650615
1.8149120612734624	0.8687240468346942
1.7919255677850057	1.770530511432674
1.3100100813214484	1.7027965838990846
1.2137588876342502	1.8229784629098158
1.1754285206442643	0.7688059354727819
1.1754285206442643	0.7688059354727819
1.1754285206442643	0.7688059354727819
0.167359428550947	1.2132126313576717
0.167359428550947	1.2132126313576717
-0.14605809430333672	-0.8915616254558449
-1.2809067045729248	-0.001193067283194682
-1.2809067045729248	-0.001193067283194682
-1.2809067045729248	-0.001193067283194682
-1.2809067045729248	-0.001193067283194682
0.7128116614208204	-0.5737121860693977
0.7128116614208204	-0.5737121860693977
2.0294105026770093	1.0613212837729662
2.0294105026770093	1.0613212837729662
2.0294105026770093	1.0613212837729662
1.207263683217474	0.6942513974030757
1.2273507466406501	0.5375412789918085
1.2807772430736866	0.5208505089260056
1.9765641796621285	1.0922030383936017
1.0924590813956168	-0.41683238731549244
1.0924590813956168	-0.41683238731549244
0.8726418739468236	1.3504912491960088
1.2750097983500692	0.17725495221738563
1.2750097983500692	0.17725495221738563
1.2750097983500692	0.17725495221738563
1.2750097983500692	0.17725495221738563
0.8985602271682323	1.006781210274862
1.5112587850593755	0.3857080773158722
0.7745493268347311	0.399556219868084
-0.9503241574661158	0.14242313357041603
0.026712584233408165	-0.28358430778921606
0.026712584233408165	-0.28358430778921606
0.026712584233408165	-0.28358430778921606
-1.0846308116386616	-0.7440019761209873
-1.0846308116386616	-0.7440019761209873
-1.0846308116386616	-0.7440019761209873
-1.0846308116386616	-0.7440019761209873
-1.5613374326322327	-1.2814426934310443
-1.5613374326322327	-1.2814426934310443
-1.0288098892457547	-0.9943822897255212
1.0148236285898187	0.5037099769487268
0.19339422935131023	0.2571274598151549
0.18702737648979384	-0.7148241676243969
1.327626007200171	0.6518591729964187
1.7291697385473612	0.9711694228189691
1.6727790057504985	1.3686029222689302
1.786912486762792	1.723036845047667
0.3590060843328089	0.9038435125724977
0.3590060843328089	0.9038435125724977
0.3590060843328089	0.9038435125724977
0.3590060843328089	0.9038435125724977
0.3590060843328089	0.9038435125724977
0.3590060843328089	0.9038435125724977
0.3590060843328089	0.9038435125724977
0.3590060843328089	0.9038435125724977
0.3590060843328089	0.9038435125724977
0.3590060843328089	0.9038435125724977
0.7609264460894445	0.26307150627196996
0.7609264460894445	0.26307150627196996
1.2281919598495055	0.7381954532118823
1.2281919598495055	0.7381954532118823
1.2281919598495055	0.7381954532118823
1.2281919598495055	0.7381954532118823
1.2281919598495055	0.7381954532118823
1.2281919598495055	0.7381954532118823
1.2281919598495055	0.7381954532118823
1.2281919598495055	0.7381954532118823
1.2281919598495055	0.7381954532118823
1.2281919598495055	0.7381954532118823
1.2281919598495055	0.7381954532118823
1.2281919598495055	0.7381954532118823
0.5599126856416193	-0.29744860286436337
0.5599126856416193	-0.29744860286436337
0.5599126856416193	-0.29744860286436337
0.5599126856416193	-0.29744860286436337
0.5599126856416193	-0.29744860286436337
0.03686655390333715	0.4872319832336629
0.6221744593813364	0.23338897239053497
-0.19201596081912398	-0.3060222867248427
-0.19201596081912398	-0.3060222867248427
-0.19201596081912398	-0.3060222867248427
-0.951943564891058	-0.5971135040478501
-1.3522631624354238	-0.3131897221571411
-1.3522631624354238	-0.3131897221571411
-1.9366536185393963	-2.633690321038275
-2.951343970947149	-2.4708759348970406
-2.317875281746256	-2.654049988375834
-2.029673710494872	-2.3319569503022493
-2.029673710494872	-2.3319569503022493
-1.6400615613752194	-2.3375399943287856
-1.768018081641566	-1.125266231920345
0.5787501272530071	0.17868018798465224
0.5787501272530071	0.17868018798465224
0.6779995168265548	0.5097038347734777
0.6779995168265548	0.5097038347734777
1.4301512942598478	1.0395987639068693
1.4301512942598478	1.0395987639068693
0.7035127117768933	0.6490205370897273
0.7035127117768933	0.6490205370897273
0.7035127117768933	0.6490205370897273
0.5728269450533707	0.9442838495252467
0.6609509359922029	1.2268712209817996
0.6609509359922029	1.2268712209817996
0.6123958976286947	0.9865778914277983
0.6123958976286947	0.9865778914277983
0.16301196162116072	1.1044762776742358
0.16301196162116072	1.1044762776742358
0.20216135932017892	0.42878607522245527
0.20216135932017892	0.42878607522245527
-0.7730604657703071	-0.31132039784126475
-0.9606023282986973	-1.0685395758198788
-0.9606023282986973	-1.0685395758198788
-0.9606023282986973	-1.0685395758198788
-0.9606023282986973	-1.0685395758198788
0.0750250065029201	-0.10876818838025304
-0.42890499326124065	0.5367821427943412
-0.2721150939659692	-0.2531468741328283
1.6031010988267012	0.2625554006449716
1.6031010988267012	0.2625554006449716
1.6031010988267012	0.2625554006449716
-0.2763004863114462	1.35921607651027
-0.6493985552877214	0.7509124947353197
-1.1062271718701586	0.14790666182682233
-1.1062271718701586	0.14790666182682233
-1.1062271718701586	0.14790666182682233
-1.7678901101615194	-0.39039505730758717
-0.021470054017839413	1.4824450739638215
-0.5433484538722375	1.4376632185380778
0.3824928169006223	2.0380206993014554
-0.3887435206689518	0.24173508130035448
-0.3887435206689518	0.24173508130035448
0.3620715112948766	0.883540579921444
0.3620715112948766	0.883540579921444
0.3620715112948766	0.883540579921444
-0.08160260879977271	-0.5614948097252421
-0.7991639049147345	-0.11331801506071376
-0.7910752056958325	0.2695601124970066
-0.7910752056958325	0.2695601124970066
-0.9773516397463431	-0.02350523933086074
-0.9773516397463431	-0.02350523933086074
-0.9773516397463431	-0.02350523933086074
-0.9773516397463431	-0.02350523933086074
-0.9773516397463431	-0.02350523933086074
-0.6771754813018016	-1.106735714257729
-0.6771754813018016	-1.106735714257729
-0.6771754813018016	-1.106735714257729
-0.6632391870436526	-1.1553078927439515
-0.5867722366596501	-0.3508781350144329
-0.5867722366596501	-0.3508781350144329
-0.5867722366596501	-0.3508781350144329
-0.5867722366596501	-0.3508781350144329
-1.175521949354452	-0.6926204489019198
-1.175521949354452	-0.6926204489019198
-0.982187779448386	-0.7288030840972791
-0.982187779448386	-0.7288030840972791
-0.982187779448386	-0.7288030840972791
-1.2262257396348946	-0.5958972794212529
-1.2262257396348946	-0.5958972794212529
-1.2262257396348946	-0.5958972794212529
0.07202515012289568	-0.7141654412190334
0.07202515012289568	-0.7141654412190334
0.07202515012289568	-0.7141654412190334
0.07202515012289568	-0.7141654412190334
0.07202515012289568	-0.7141654412190334
0.07202515012289568	-0.7141654412190334
0.07202515012289568	-0.7141654412190334
0.07202515012289568	-0.7141654412190334
0.07202515012289568	-0.7141654412190334
-0.4926145664690448	-0.7444056530782983
-0.4926145664690448	-0.7444056530782983
-0.2991115548706007	-0.4017590045253178
-0.2991115548706007	-0.4017590045253178
-0.2991115548706007	-0.4017590045253178
0.2818721159285881	0.2873838130150877
0.2818721159285881	0.2873838130150877
0.2818721159285881	0.2873838130150877
# Metropolis (ϵ = 2.0)
1.3582148520715553	1.6568269658000718
1.3582148520715553	1.6568269658000718
1.48810994916824	1.438792195636637
1.48810994916824	1.438792195636637
1.48810994916824	1.438792195636637
1.48810994916824	1.438792195636637
1.48810994916824	1.438792195636637
1.48810994916824	1.438792195636637
2.0470424533480367	1.6616355518196715
2.0470424533480367	1.6616355518196715
2.0470424533480367	1.6616355518196715
2.0470424533480367	1.6616355518196715
2.0470424533480367	1.6616355518196715
2.0470424533480367	1.6616355518196715
2.0470424533480367	1.6616355518196715
2.0470424533480367	1.6616355518196715
2.0470424533480367	1.6616355518196715
2.0470424533480367	1.6616355518196715
2.0470424533480367	1.6616355518196715
0.5111227743419187	1.6010291991785355
-0.45408550109620105	-0.7140685367651018
-0.45408550109620105	-0.7140685367651018
-0.45408550109620105	-0.7140685367651018
-0.45408550109620105	-0.7140685367651018
-0.45408550109620105	-0.7140685367651018
-0.45408550109620105	-0.7140685367651018
-0.45408550109620105	-0.7140685367651018
-0.45408550109620105	-0.7140685367651018
-0.45408550109620105	-0.7140685367651018
-0.45408550109620105	-0.7140685367651018
-0.45408550109620105	-0.7140685367651018
-0.45408550109620105	-0.7140685367651018
-0.45408550109620105	-0.7140685367651018
-0.45408550109620105	-0.7140685367651018
-0.45408550109620105	-0.7140685367651018
-0.45408550109620105	-0.7140685367651018
-0.45408550109620105	-0.7140685367651018
-0.45408550109620105	-0.7140685367651018
-0.45408550109620105	-0.7140685367651018
-0.45408550109620105	-0.7140685367651018
-0.45408550109620105	-0.7140685367651018
-0.3272920869836266	-0.47703276485724455
-0.3272920869836266	-0.47703276485724455
-0.3272920869836266	-0.47703276485724455
-0.3272920869836266	-0.47703276485724455
-0.3272920869836266	-0.47703276485724455
-0.3272920869836266	-0.47703276485724455
-0.3272920869836266	-0.47703276485724455
-0.03208353413821885	0.3297539402009849
-0.03208353413821885	0.3297539402009849
-0.03208353413821885	0.3297539402009849
-0.03208353413821885	0.3297539402009849
-0.03208353413821885	0.3297539402009849
-0.03208353413821885	0.3297539402009849
-0.8332468509132279	-0.12121073550685046
-0.8332468509132279	-0.12121073550685046
-0.8332468509132279	-0.12121073550685046
-0.8332468509132279	-0.12121073550685046
-0.8332468509132279	-0.12121073550685046
-0.8332468509132279	-0.12121073550685046
-0.8332468509132279	-0.12121073550685046
-0.8332468509132279	-0.12121073550685046
-0.8332468509132279	-0.12121073550685046
-0.8332468509132279	-0.12121073550685046
-0.8332468509132279	-0.12121073550685046
-0.8332468509132279	-0.12121073550685046
-0.8332468509132279	-0.12121073550685046
-0.8332468509132279	-0.12121073550685046
0.9820265444463027	1.320468031270293
0.9820265444463027	1.320468031270293
0.9820265444463027	1.320468031270293
0.9820265444463027	1.320468031270293
0.9820265444463027	1.320468031270293
0.9820265444463027	1.320468031270293
0.9820265444463027	1.320468031270293
-1.0167681291244848	-0.8730056264131387
-1.0167681291244848	-0.8730056264131387
-1.0167681291244848	-0.8730056264131387
-0.8642269169200674	-0.9433315994936124
0.12653367484215616	-0.34960581123453216
0.12653367484215616	-0.34960581123453216
0.12653367484215616	-0.34960581123453216
0.12653367484215616	-0.34960581123453216
0.12653367484215616	-0.34960581123453216
0.12653367484215616	-0.34960581123453216
0.024411226938163028	-0.12992764708812088
0.024411226938163028	-0.12992764708812088
0.024411226938163028	-0.12992764708812088
0.06306489633231835	-0.6833160608349771
0.06306489633231835	-0.6833160608349771
0.06306489633231835	-0.6833160608349771
0.06306489633231835	-0.6833160608349771
-0.04305832294896712	0.1502618621664069
-0.04305832294896712	0.1502618621664069
-0.04305832294896712	0.1502618621664069
-0.86315356786612	-1.2336097780660917
-0.7712663437146533	-0.42222731710018435
-0.7712663437146533	-0.42222731710018435
-0.6288846279601096	-0.23307478862447395
-0.6288846279601096	-0.23307478862447395
-0.6288846279601096	-0.23307478862447395
-0.6288846279601096	-0.23307478862447395
-1.6497080775485364	-1.1991064557972395
-1.6497080775485364	-1.1991064557972395
-1.6497080775485364	-1.1991064557972395
-1.6497080775485364	-1.1991064557972395
-1.6497080775485364	-1.1991064557972395
-1.6497080775485364	-1.1991064557972395
-1.6497080775485364	-1.1991064557972395
-1.6497080775485364	-1.1991064557972395
-1.6497080775485364	-1.1991064557972395
-1.6497080775485364	-1.1991064557972395
-1.6497080775485364	-1.1991064557972395
-1.6497080775485364	-1.1991064557972395
-1.6497080775485364	-1.1991064557972395
-1.6497080775485364	-1.1991064557972395
-1.0400122552182842	-0.6656511503221225
-1.0400122552182842	-0.6656511503221225
-1.0400122552182842	-0.6656511503221225
-1.0400122552182842	-0.6656511503221225
-0.12948286314375257	-0.1364653617848759
-0.12948286314375257	-0.1364653617848759
-0.12948286314375257	-0.1364653617848759
-0.12948286314375257	-0.1364653617848759
-0.12948286314375257	-0.1364653617848759
-0.12948286314375257	-0.1364653617848759
-0.12948286314375257	-0.1364653617848759
-0.12948286314375257	-0.1364653617848759
-0.12948286314375257	-0.1364653617848759
-0.12948286314375257	-0.1364653617848759
-0.12948286314375257	-0.1364653617848759
-0.12948286314375257	-0.1364653617848759
-0.12948286314375257	-0.1364653617848759
-0.12948286314375257	-0.1364653617848759
-0.12948286314375257	-0.1364653617848759
-0.12948286314375257	-0.1364653617848759
-0.12948286314375257	-0.1364653617848759
-0.12948286314375257	-0.1364653617848759
0.15338495516430722	-0.30637860555826546
0.15338495516430722	-0.30637860555826546
0.15338495516430722	-0.30637860555826546
0.15338495516430722	-0.30637860555826546
0.15338495516430722	-0.30637860555826546
0.15338495516430722	-0.30637860555826546
0.15338495516430722	-0.30637860555826546
0.15338495516430722	-0.30637860555826546
0.15338495516430722	-0.30637860555826546
0.7237867154591555	0.4118009807663624
0.5588416620694892	0.2581855954818937
0.5954080130326962	1.0288414346256047
0.5954080130326962	1.0288414346256047
0.5954080130326962	1.0288414346256047
0.5954080130326962	1.0288414346256047
0.5954080130326962	1.0288414346256047
0.5954080130326962	1.0288414346256047
0.5954080130326962	1.0288414346256047
-0.970180642764171	-0.6370252345915739
-1.0865896350936095	-0.11784958809922697
-1.0865896350936095	-0.11784958809922697
-1.0865896350936095	-0.11784958809922697
-1.0865896350936095	-0.11784958809922697
-1.0865896350936095	-0.11784958809922697
-1.0865896350936095	-0.11784958809922697
-1.0865896350936095	-0.11784958809922697
-1.0865896350936095	-0.11784958809922697
-1.0865896350936095	-0.11784958809922697
-1.0865896350936095	-0.11784958809922697
-1.0865896350936095	-0.11784958809922697
-1.0865896350936095	-0.11784958809922697
-0.7647412356064438	-0.7139909588236404
-0.7647412356064438	-0.7139909588236404
-0.7647412356064438	-0.7139909588236404
-0.7647412356064438	-0.7139909588236404
-0.7647412356064438	-0.7139909588236404
-0.7647412356064438	-0.7139909588236404
-1.7179560508398737	-0.20762311735746652
-1.7179560508398737	-0.20762311735746652
-1.4419266137546343	-1.1610584115600053
-1.4419266137546343	-1.1610584115600053
-1.4419266137546343	-1.1610584115600053
-1.4419266137546343	-1.1610584115600053
-1.4419266137546343	-1.1610584115600053
-1.4419266137546343	-1.1610584115600053
-1.4419266137546343	-1.1610584115600053
-1.4419266137546343	-1.1610584115600053
-1.4419266137546343	-1.1610584115600053
-1.4419266137546343	-1.1610584115600053
-1.4419266137546343	-1.1610584115600053
0.2110141046682934	-1.080590343831614
0.2110141046682934	-1.080590343831614
0.2110141046682934	-1.080590343831614
0.2110141046682934	-1.080590343831614
0.2110141046682934	-1.080590343831614
0.8740630667274825	0.43601076267744254
0.8740630667274825	0.43601076267744254
0.8740630667274825	0.43601076267744254
0.8740630667274825	0.43601076267744254
1.302359492107737	1.1978862614796044
1.302359492107737	1.1978862614796044
1.302359492107737	1.1978862614796044
1.302359492107737	1.1978862614796044
1.302359492107737	1.1978862614796044
1.8742904703110692	1.9463739661057207
1.8742904703110692	1.9463739661057207
1.8742904703110692	1.9463739661057207
1.8742904703110692	1.9463739661057207
1.8742904703110692	1.9463739661057207
2.1830554794284542	2.496629188737415
2.1830554794284542	2.496629188737415
0.7112598303029067	1.9479836824303913
0.7112598303029067	1.9479836824303913
1.266020294683698	2.150913376656752
0.25930575795748867	1.1341327577442422
0.25930575795748867	1.1341327577442422
0.25930575795748867	1.1341327577442422
0.25930575795748867	1.1341327577442422
0.25930575795748867	1.1341327577442422
0.25930575795748867	1.1341327577442422
-1.26581521662732	-1.8783722661854423
-1.26581521662732	-1.8783722661854423
-1.26581521662732	-1.8783722661854423
-0.4196243410681727	-1.2886674952592985
-0.4196243410681727	-1.2886674952592985
0.635640128327004	-0.2900155977061961
0.635640128327004	-0.2900155977061961
1.5992817265691364	0.23948118321967893
1.5992817265691364	0.23948118321967893
-0.8865491335191273	0.03549158547402076
-0.8865491335191273	0.03549158547402076
-0.7885305542582665	-0.2004991823591001
-0.7885305542582665	-0.2004991823591001
-0.7885305542582665	-0.2004991823591001
-0.7885305542582665	-0.2004991823591001
-0.7885305542582665	-0.2004991823591001
-0.7885305542582665	-0.2004991823591001
-0.7885305542582665	-0.2004991823591001
-0.7885305542582665	-0.2004991823591001
-0.7885305542582665	-0.2004991823591001
-0.7885305542582665	-0.2004991823591001
-0.7885305542582665	-0.2004991823591001
-0.7885305542582665	-0.2004991823591001
-0.7885305542582665	-0.2004991823591001
-0.7885305542582665	-0.2004991823591001
-0.7885305542582665	-0.2004991823591001
-0.7885305542582665	-0.2004991823591001
-0.7885305542582665	-0.2004991823591001
-0.7885305542582665	-0.2004991823591001
-0.7885305542582665	-0.2004991823591001
-0.7885305542582665	-0.2004991823591001
-0.7885305542582665	-0.2004991823591001
-0.7885305542582665	-0.2004991823591001
-0.7885305542582665	-0.2004991823591001
-0.7885305542582665	-0.2004991823591001
-0.7885305542582665	-0.2004991823591001
-0.42268150371248575	-0.1245936638483843
-0.42268150371248575	-0.1245936638483843
-0.13537103726070343	-0.10488753056712215
-0.13537103726070343	-0.10488753056712215
-0.13537103726070343	-0.10488753056712215
-0.4416709356925477	0.25372197759629544
-0.4416709356925477	0.25372197759629544
-0.4416709356925477	0.25372197759629544
-0.4416709356925477	0.25372197759629544
-0.4416709356925477	0.25372197759629544
-0.4416709356925477	0.25372197759629544
-0.4416709356925477	0.25372197759629544
-0.4416709356925477	0.25372197759629544
-0.4416709356925477	0.25372197759629544
-0.4416709356925477	0.25372197759629544
0.5417031110114638	-0.03791561081025663
0.5417031110114638	-0.03791561081025663
0.5417031110114638	-0.03791561081025663
0.5417031110114638	-0.03791561081025663
0.5417031110114638	-0.03791561081025663
0.5417031110114638	-0.03791561081025663
0.5417031110114638	-0.03791561081025663
0.5417031110114638	-0.03791561081025663
0.5417031110114638	-0.03791561081025663
0.5417031110114638	-0.03791561081025663
0.15115041066652757	0.37216963454767643
0.15115041066652757	0.37216963454767643
-0.0910664739708468	0.4249704614833598
-0.0910664739708468	0.4249704614833598
-0.0910664739708468	0.4249704614833598
-0.0910664739708468	0.4249704614833598
-0.0910664739708468	0.4249704614833598
-0.0910664739708468	0.4249704614833598
-0.0910664739708468	0.4249704614833598
-0.0910664739708468	0.4249704614833598
-1.4215589475296964	0.021279761520084428
-1.4215589475296964	0.021279761520084428
-1.4215589475296964	0.021279761520084428
-1.4215589475296964	0.021279761520084428
-1.4215589475296964	0.021279761520084428
-1.4215589475296964	0.021279761520084428
-1.4215589475296964	0.021279761520084428
-1.4215589475296964	0.021279761520084428
-1.4215589475296964	0.021279761520084428
-1.7794349837402887	0.38576044731641196
-1.7794349837402887	0.38576044731641196
-1.7794349837402887	0.38576044731641196
0.721344577547933	-1.106794741852
-2.2229691388269	-2.48049899354633
-2.2229691388269	-2.48049899354633
-2.2229691388269	-2.48049899354633
-2.7820773377512635	-2.002128229786606
-2.7820773377512635	-2.002128229786606
-2.7820773377512635	-2.002128229786606
-2.7820773377512635	-2.002128229786606
-0.34909929356228053	-2.1766425516431376
-0.34909929356228053	-2.1766425516431376
0.22922653390102032	-1.1927842266609676
0.22922653390102032	-1.1927842266609676
0.22922653390102032	-1.1927842266609676
0.22922653390102032	-1.1927842266609676
0.22922653390102032	-1.1927842266609676
0.22922653390102032	-1.1927842266609676
0.22922653390102032	-1.1927842266609676
-1.0146044874842666	-0.09982188792219815
-1.0146044874842666	-0.09982188792219815
-1.0146044874842666	-0.09982188792219815
-1.0146044874842666	-0.09982188792219815
-1.0146044874842666	-0.09982188792219815
-1.0146044874842666	-0.09982188792219815
-1.0912652214642382	-2.2081669427962662
-1.0912652214642382	-2.2081669427962662
-1.0912652214642382	-2.2081669427962662
-1.0912652214642382	-2.2081669427962662
-1.0912652214642382	-2.2081669427962662
-1.0912652214642382	-2.2081669427962662
-1.0912652214642382	-2.2081669427962662
-1.0912652214642382	-2.2081669427962662
-1.0912652214642382	-2.2081669427962662
-1.202817564391699	-1.326100021264754
-1.202817564391699	-1.326100021264754
-1.202817564391699	-1.326100021264754
1.4303801181206788	1.9439669184199737
1.683918757431213	0.6864206248812608
1.683918757431213	0.6864206248812608
0.03962511851214212	-0.04771914785852005
0.07979924535849475	-0.3611393846810545
0.1866522382245676	-0.39452092481266016
1.5782261114014517	0.7481841341225322
1.5782261114014517	0.7481841341225322
1.5782261114014517	0.7481841341225322
1.5782261114014517	0.7481841341225322
1.5782261114014517	0.7481841341225322
1.5782261114014517	0.7481841341225322
1.5782261114014517	0.7481841341225322
1.5782261114014517	0.7481841341225322
1.5782261114014517	0.7481841341225322
1.5782261114014517	0.7481841341225322
0.10480719495216295	0.7758804192269557
0.10480719495216295	0.7758804192269557
0.10480719495216295	0.7758804192269557
0.10480719495216295	0.7758804192269557
0.10480719495216295	0.7758804192269557
0.10480719495216295	0.7758804192269557
0.10480719495216295	0.7758804192269557
0.10480719495216295	0.7758804192269557
0.10480719495216295	0.7758804192269557
-0.8486060470349793	-0.2990010153931584
-0.8486060470349793	-0.2990010153931584
0.2164490397379767	0.27511979201788783
0.2164490397379767	0.27511979201788783
0.2164490397379767	0.27511979201788783
0.2164490397379767	0.27511979201788783
0.2164490397379767	0.27511979201788783
1.0195365024323566	0.9137402916629888
1.0195365024323566	0.9137402916629888
1.0195365024323566	0.9137402916629888
1.0195365024323566	0.9137402916629888
1.0195365024323566	0.9137402916629888
1.0195365024323566	0.9137402916629888
1.0195365024323566	0.9137402916629888
1.0195365024323566	0.9137402916629888
1.0195365024323566	0.9137402916629888
1.0195365024323566	0.9137402916629888
1.0195365024323566	0.9137402916629888
1.0195365024323566	0.9137402916629888
1.0195365024323566	0.9137402916629888
1.0195365024323566	0.9137402916629888
1.0195365024323566	0.9137402916629888
1.9540675299524786	1.8639881855428135
1.9540675299524786	1.8639881855428135
1.9540675299524786	1.8639881855428135
1.9540675299524786	1.8639881855428135
1.9540675299524786	1.8639881855428135
1.9540675299524786	1.8639881855428135
1.9540675299524786	1.8639881855428135
1.9540675299524786	1.8639881855428135
1.9540675299524786	1.8639881855428135
1.9540675299524786	1.8639881855428135
1.9540675299524786	1.8639881855428135
1.9540675299524786	1.8639881855428135
0.6175089815367063	-0.20729992660967778
0.6175089815367063	-0.20729992660967778
0.6175089815367063	-0.20729992660967778
0.6175089815367063	-0.20729992660967778
0.6175089815367063	-0.20729992660967778
0.6175089815367063	-0.20729992660967778
0.6175089815367063	-0.20729992660967778
-1.0108718588642145	-1.2861224448404331
-1.0108718588642145	-1.2861224448404331
-1.0108718588642145	-1.2861224448404331
-2.5307270670080824	-1.8683048794864479
-2.5307270670080824	-1.8683048794864479
-2.5307270670080824	-1.8683048794864479
-2.5307270670080824	-1.8683048794864479
-2.5307270670080824	-1.8683048794864479
-1.2637896886062965	-2.2346529864440345
-0.6873865461035288	-1.5904669102968647
-0.6873865461035288	-1.5904669102968647
-0.6873865461035288	-1.5904669102968647
-0.6873865461035288	-1.5904669102968647
-0.6873865461035288	-1.5904669102968647
-0.6873865461035288	-1.5904669102968647
-0.48888776695643343	-0.9284196167192137
-0.48888776695643343	-0.9284196167192137
1.0154157879101526	0.1313702415475696
1.0154157879101526	0.1313702415475696
-0.43786137705575623	-0.6497862120867144
-0.43786137705575623	-0.6497862120867144
-0.43786137705575623	-0.6497862120867144
-0.6992329105028015	-0.05925958721567559
-0.6992329105028015	-0.05925958721567559
-0.6992329105028015	-0.05925958721567559
-0.7963429872298177	-0.5398462463236782
-0.7963429872298177	-0.5398462463236782
-0.7963429872298177	-0.5398462463236782
-0.7963429872298177	-0.5398462463236782
-0.7963429872298177	-0.5398462463236782
-0.7963429872298177	-0.5398462463236782
-0.7963429872298177	-0.5398462463236782
-1.171426712286598	-2.054284602280906
-1.171426712286598	-2.054284602280906
-1.171426712286598	-2.054284602280906
-1.171426712286598	-2.054284602280906
0.8998279573166368	-0.13474182740165452
-0.10803204221168472	1.156358834947534
0.2055477563788582	-0.4234991989068051
0.2055477563788582	-0.4234991989068051
0.2055477563788582	-0.4234991989068051
0.2055477563788582	-0.4234991989068051
0.2055477563788582	-0.4234991989068051
0.2055477563788582	-0.4234991989068051
0.2055477563788582	-0.4234991989068051
0.2055477563788582	-0.4234991989068051
0.2055477563788582	-0.4234991989068051
-1.1177781202038637	-1.500102637175624
2.3750619920834963	2.2455776253671935
1.3313051923747001	2.156013914515706
1.3313051923747001	2.156013914515706
-0.21116748276444808	-1.4365573214864957
-0.5876960029023603	-0.7875945536114359
0.9139340610252964	0.49601644363074304
0.9139340610252964	0.49601644363074304
0.9139340610252964	0.49601644363074304
0.9139340610252964	0.49601644363074304
0.9139340610252964	0.49601644363074304
0.9301114594631006	1.2617726987461837
0.9301114594631006	1.2617726987461837
0.5575585913620792	0.675641995090449
0.5575585913620792	0.675641995090449
0.5575585913620792	0.675641995090449
0.5575585913620792	0.675641995090449
0.5575585913620792	0.675641995090449
0.5575585913620792	0.675641995090449
0.5575585913620792	0.675641995090449
0.5575585913620792	0.675641995090449
0.5854311798783773	0.5784976381180039
0.5854311798783773	0.5784976381180039
0.5854311798783773	0.5784976381180039
0.5854311798783773	0.5784976381180039
0.5854311798783773	0.5784976381180039
-0.5920682455112265	-0.10498698965696984
-0.5920682455112265	-0.10498698965696984
-0.20539990569909444	-0.17735226004768867
-0.20539990569909444	-0.17735226004768867
-0.20539990569909444	-0.17735226004768867
-0.6934758260721117	0.08845934930436361
-0.6934758260721117	0.08845934930436361
-0.6934758260721117	0.08845934930436361
-0.6934758260721117	0.08845934930436361
-0.6934758260721117	0.08845934930436361
-0.6934758260721117	0.08845934930436361
-0.6934758260721117	0.08845934930436361
-0.6934758260721117	0.08845934930436361
-0.6934758260721117	0.08845934930436361
-0.6934758260721117	0.08845934930436361
-0.6934758260721117	0.08845934930436361
-0.6934758260721117	0.08845934930436361
-0.6934758260721117	0.08845934930436361
-0.6934758260721117	0.08845934930436361
-0.6934758260721117	0.08845934930436361
-0.6934758260721117	0.08845934930436361
-0.6934758260721117	0.08845934930436361
0.4684915155262659	1.4667449843851745
0.4684915155262659	1.4667449843851745
0.4684915155262659	1.4667449843851745
