# NUTS (ϵ = 0.01)
-0.46409805827450695	-0.530847984910869
-0.7825420020376314	-0.36621036708181476
-0.7844834378388909	-0.3420119112730863
-0.7927239135415455	-0.3216457084480971
-0.7306852017726687	-0.5873849966940673
0.48636941079653984	0.029796810754656407
1.1323058181735746	1.4367252652341707
1.3731890615167313	1.2027291588760416
0.37773118023663543	0.9352896912140058
0.3825541834347629	0.22303959478436092
-0.45285322461300415	-0.347697010547324
-0.4420033518092576	-0.4025957162002775
-0.4209168346168291	-0.2635539231053408
-0.06937596815497601	-0.6950317249284451
-0.10568402443185851	-0.707421026205665
-0.13458158681699076	-0.6625794810833778
-0.30860275553707667	-1.0079768986382824
-0.21612694344260955	-0.9364736871003342
-0.8789181318631794	-0.0960307626791931
-0.8999790191801289	-0.15160363622240558
-0.981996222462239	0.06339601216384201
-0.9754855337889751	0.06825227346919126
0.2764830477161971	-0.002711666137981501
0.8490083549868581	1.3661631966245038
0.8526943496645559	1.3345771702892189
0.8526943496645559	1.3345771702892189
1.1247563781975043	1.2016503981602682
1.2584407797549693	1.3752766314192109
0.2618090145340055	0.1796778754504028
0.26060374330331254	0.20022513495323224
1.182708976786251	1.4389550712363064
1.6287674384835196	1.367370255855366
-0.24121615716110686	0.199668728814269
-0.030087472138651327	0.044689317317805434
0.1138607287196096	0.09048308441852639
-0.21494250290583256	0.3005407636371437
-0.30973649080042864	0.37648418072704465
-0.8354203470295948	-1.1520170452549356
-1.0113939347370953	-0.8679546986416884
-0.34116697452143013	-0.48383581506954654
0.07927657781013765	-0.9178070583884621
0.1859430072967377	0.047208086910798405
0.029839769764809235	0.04517472834520136
-0.47679333912123256	-0.49534776823727905
-0.4854680786544639	-0.3825508128357142
0.4964030116141945	0.7788757376187055
-0.3577601495415012	0.09335762901551181
-0.08096159336924622	-1.1249754010152642
-0.9195978097187284	-0.8215497309577816
-0.6970769134521618	-0.7855008441211566
-0.9403094720871686	-1.1075276344593399
-0.0528501111172041	-0.19813825719091438
0.06434472458983952	-0.3442265847779342
-0.7114123392503515	-1.7150689675396085
-0.9366031074600525	-1.637148638570891
-1.6454593003845255	-1.102976072133275
-1.582491390157294	-1.080384256145727
-1.261317340180084	-0.6807130273047788
-1.6265342723248817	-0.9395729787220266
-0.4220384038680527	0.11898605224598277
-0.7694645631970325	-0.9678658409957879
-0.5174338331053362	-0.9183974141925705
1.8700692377370811	1.6311719800244138
1.573612132788013	0.3419655231528694
1.6133870041182012	0.25034699043543523
1.7307564963704114	0.13831536898682442
1.6134647601197714	-0.05170693867469264
1.6156076903380354	-0.054546476696532516
1.7092434550652282	0.5199863387253718
1.7276682257265228	0.5384943141557942
1.8100727140965815	1.5033914212423303
1.827145206581619	1.4589744588181948
1.742900720351797	1.6444746296515858
1.5397657077456894	1.5586569104808057
1.420126015641092	1.5541332093527847
1.4467198551781248	1.5260354193750139
1.4578054066270516	1.4967435282241988
0.5234782160831124	2.0644595621015727
-0.0012652935667206988	1.6842987491795445
-0.2581769483789466	1.4958565819377245
-0.25262008148391296	1.5344885388710983
-0.25583344099583977	1.4303048289833775
-0.25583344099583977	1.4303048289833775
-0.15426968674599295	-0.6411083898357984
-0.7195725823824393	-0.3605083478117296
-0.7256621874828483	-0.20028099770183055
0.001236408267616649	-0.20011066013179138
0.3050328122169751	-0.5727655158531432
-0.30178825275201987	-0.5811648705028899
-0.09440824358996087	-0.49649848568664046
-0.32763316575578194	0.472501589984412
-0.3347672988590422	0.48868090884789606
-0.030682724793292555	0.284116869129304
0.1908615803293965	0.3576755557806299
-0.20927113498725475	-0.34100999950088495
-0.24823378784322883	-0.38442532643551364
-0.3695754913563329	0.3518820938632302
-0.4065691322667739	0.41697706684584035
-0.43396524802627706	0.3920510256215646
-0.37159507434909417	0.3012241366388092
-0.16884879429284308	0.12024672152453549
0.4184086275382457	0.5656703193783641
0.2794139206581157	0.6709681697116645
-0.1303863957606676	0.3103786539665652
0.054984796787309186	0.35849058229929776
-0.08831652793050215	0.26358596364334774
-0.0994708096590153	0.17965177279811187
-0.16563600079956078	-0.06854789403255311
-0.05789591654149594	-0.036771037812697936
0.07309389615119179	-0.11283921876087716
0.0037435782384959587	0.018138268394277075
0.44718087094378356	-0.2186486044794191
0.5016598972448281	0.4893709749400047
0.5079634830366194	0.5013788312799826
0.41098697434227943	0.5119270128541772
-0.169358314091992	0.24803518459680518
0.0665081206468109	0.04345691032099042
0.8986337051131627	0.9383677419942124
0.9578485106665491	0.4511865748608317
1.059324837533165	0.3906947063419323
1.0771853710834918	0.3824710593783007
-0.36922537754583856	0.22075882653296844
1.0762488531127647	0.2858077314148304
0.38428595877123717	0.7290781284317349
0.4046185544304131	0.21509792333578093
0.3811490496084973	0.22991843667319103
0.8274350642339515	0.05331911320904391
0.9248357204862128	1.2375012500952014
0.9213704355514684	0.6939502009320966
0.49105815626024557	0.6852807847408355
0.34227278468217515	0.9699429626570895
1.8051504246433743	1.610596759769641
1.3521115756138344	1.2136045755241487
0.6238124041814487	1.0322464950852543
0.7712424468147648	1.0141874734945557
1.0747728400820247	1.596954496200026
1.100539100029285	1.7094191479859873
0.6573032608957141	1.2051352657580994
0.22432778163772643	0.5828852596664791
0.961339897498973	0.8685402782420938
1.1885149971156208	1.0992928104222264
1.6713360910682031	0.5216137599867109
1.672731478672556	0.607407990990607
0.009746302205437355	0.1310959520228066
0.027046641488928373	0.14165284146083526
-0.07363948359061696	-0.15531288811240657
-0.17419504080391754	0.1561007320588385
-0.013000464931548139	0.0200335241836022
1.0345997523908725	0.7056632460509341
0.9943035150978334	0.6998462863415538
0.9366409354356086	0.7303255275275381
0.8279062891994321	0.7099335523902824
-0.6166058704280408	-0.1182038418400828
-0.5472573561697073	-0.2064377391184661
-0.967510612103009	0.4928231340894312
-0.9746302822673164	0.38916331316554875
-1.329674887475507	0.39770083145628465
-1.1355388817374383	0.23101850395777074
-1.7064162535806555	-0.6572056898590545
-1.7064162535806555	-0.6572056898590545
-1.5648918649852632	-0.18320886876183043
-1.0342305260069125	-0.10205090429731374
-1.0459544978719009	-0.37492899032247406
-1.307720395255586	-1.9556687473104972
-1.1855390169220388	-1.2451416786929874
-2.54402653639183	-2.7734629500876387
-2.5252075209864304	-2.742862872879479
-1.8116887863283122	-2.82625342133847
-1.754971168832331	-0.5956739520787272
-1.7818635532328368	-0.5925345029997305
-1.6054843070460496	-0.7417550033184355
-1.4134309231409425	-0.851635871647552
1.7317758192923374	1.5810418593993611
0.7834713529714649	1.2720384028405558
-0.5803879655468651	-1.0508651888153007
-0.5909694783167422	-1.0351931602437459
0.2507635925758447	0.9567482615202448
0.23410180000530506	1.1438573437080934
0.2628871859093643	1.0666595490301507
0.1953798991840462	1.0794066152119928
0.34277981182852574	1.078997998633795
0.8132834661648985	0.6490148923869177
0.6267197981984107	0.10971211544952973
0.38867627114254494	0.13374743612688936
0.5307424203542939	0.09684479799708162
0.6032916902766077	0.6977854359050274
0.5672675173127564	0.2283286202346148
0.7194527414092252	0.9018050406406948
0.7090471710074084	0.9310785169110383
1.193506875247567	1.37124159025522
1.5920907983149526	1.2996728077635131
1.1226729395805564	0.6689913872106771
1.2291720420008811	0.582803981742675
-0.877241367424431	0.18693550344652712
-0.98059574477587	0.13346674887738294
-0.2141780055333891	0.21079198119158493
-0.050797085997708546	-0.07243285467744855
-0.4251502637569441	-0.5381328683244008
-0.9200783204481693	-0.8493302474663741
-0.7687232235757491	-0.7505564052260026
-0.8161917770382215	-0.6314241464737562
-0.8703748286554815	-0.6336604505763394
-0.9522082981240845	-0.7278241408829461
-0.9365659304364929	-1.0964890569202528
-2.575590208520839	-1.4894148372459024
0.0676594147465804	-0.7335228614404813
0.4484576111469665	-0.2938139463185778
-0.31228357275382024	-0.0943953401558277
-0.3109466185091323	-0.14815979611172553
-0.22839224065090435	0.13322209534265464
-0.17064153244182348	-0.0564477406048898
-0.496690259423678	0.07006779102551115
-0.5512758440280784	-0.033835524418587615
-0.3695232564685786	0.05566676947770822
0.7298501798004213	0.8490054393206569
0.7101535751053834	0.7926736872814392
0.9168452320615075	0.7472265926627083
0.5970432996025345	1.0069920237502072
0.48824820492527377	0.7108290393495407
1.510080886969908	0.823283515964707
0.9623733944000131	0.9368107452387591
1.0389864821067092	1.055109653225101
1.0373426326518365	1.0627830092046902
0.3647956227672731	1.493388296263387
0.38462001509926125	1.3314850606864712
0.3733377621188123	1.2989448444579033
1.7929542074225209	0.2963263648919221
0.512648246418047	0.3250863141914952
0.16572978625290452	0.6881124135817154
-0.3881364030809956	-0.09255330374753223
-0.166839287377026	0.13170840096339229
-0.24927215352581075	0.6552225978797644
-0.3747787751488672	0.37745286075722495
0.09334200522021587	0.21971669657347667
0.42266068271380836	0.33481805264782066
-0.1472495332032211	-0.2066302854106947
-0.519673546192656	-0.3667316030563457
-1.139349220413312	-0.9698857256334781
1.0023328994219862	0.7380800532508627
0.5921908320672777	0.642501311554276
0.6239771415228215	0.18376865986037275
-0.17458839650579744	0.8654477577979289
-0.1509107787192014	0.9822764550880857
-0.04617352057830534	1.0788789766320275
-0.05602323809961157	1.083399487708948
1.0686049904484867	1.512530447135238
1.0727607093649625	1.5406977193395126
0.8196535453891116	1.5296068748488036
0.36393944623845753	1.342578027162571
0.3714643893867502	1.2959100270955783
0.3811229905120057	1.2698823250064732
0.3811229905120057	1.2698823250064732
0.3085408979113025	1.1748734418796436
-0.7380167784623217	-1.547995399646991
-0.703817039928264	-1.550607723999075
-0.9060305789393671	-0.3941627204110332
-0.5012848487904639	-0.12911991447293542
-0.5062243209495959	0.0737429493357344
-0.4859130368731528	-1.0872362703232075
-0.7654589801217578	-1.2525416629528523
-0.744625903214494	-1.2620899144050652
0.23586429530659636	0.7829968570632727
-0.13604701884088657	0.8879670328821265
-0.2530116798807185	-0.2146837978489019
-0.29649762631752363	-0.18767341296447318
-0.6209113366449027	-0.10173925197578962
-0.4628032415154003	-0.30013362502878665
-0.1720567195950017	-0.29802716658730616
-0.5629768994920773	-0.3693441381556673
-0.6185821168089973	0.07085249579961946
0.24625003476488067	0.22071045700698624
0.24257196640144515	0.7676147169945718
0.4753792512559736	1.195114660762414
0.20604035622769432	0.881169814890677
0.3890067541980232	1.0370697335016965
0.4711312877751347	0.9706951240407026
0.4579158626783192	1.048107868681017
0.4665976277260528	0.7961641852739428
0.446074465653294	0.8459281521307564
-0.20200045266438688	-0.5274108017144291
-0.07450777215916099	0.3828633244337495
-0.16547307376053638	0.18865549699824308
-0.09460321209701482	0.3204628996565002
0.42366141355097897	0.41240563377719747
0.6280313518505827	0.5840515794696249
0.1835176951913911	0.7466116065553596
0.17537916445619592	0.7540616043018173
0.33104319502948754	0.8957277589558326
0.417329842585719	0.7889791049958986
0.3714427732228358	0.8409383268538038
0.3644135340680466	0.7811347089884172
0.4689014330346299	0.728110159782043
0.3245938734629296	0.6977142976390636
0.06333060989632283	0.6581740285585169
-0.0717742479583563	0.6739279951139093
0.5739393838466312	0.6818668661016389
-0.7446411459325796	-1.23817142611603
-0.8036110077729244	-1.2779363970332787
1.5985976704972809	0.776410874935471
1.4628729367916655	1.0621438759029882
1.5044188329474213	1.2215282181316962
-0.7379087881435346	-0.4779181234397226
0.056149120575566105	-0.7046346225764346
0.056149120575566105	-0.7046346225764346
0.35892747803909325	-0.6938180267885651
0.21455057588180076	-0.392894422508073
-0.29667091518525107	-0.2118990306438741
0.07982248587554948	-0.2754936637941128
0.4912632825822283	0.012169533028380686
0.6232742160147111	-0.1679420147859946
0.06622392027328021	0.874371009253443
0.2907866707887251	1.2226068301146102
1.622502013328714	0.8985790260054014
0.040767117927833885	0.2677045095150383
-1.009753282637992	-0.7263601950982964
-1.2732154659900086	-0.6141959507007104
0.8325886869564714	0.2560462375298893
0.8037562647095947	0.3133277342669107
0.7068002096963367	0.43745069292893013
0.6934512341851692	0.4476109010602088
0.6842169852191634	1.0039059165239699
0.4318020215077376	0.6507074658961743
0.25299150306821006	0.763663382065707
0.5594525700196776	0.5019137512112217
0.4811682990523806	0.7050209139162907
1.0213576170683227	1.4884239665681158
1.8701227198032204	1.1081775148278057
0.0962287274689888	0.910376603416232
0.2121066349510829	0.9124688671369986
0.4418982386894938	0.33835547299101104
-0.6937908759934485	-0.49927620028135145
-0.4421114301409698	-0.6122864834970307
-0.5006028364136652	-0.6579693041859777
-0.23386620233268715	0.45922544156931855
-0.3734407493101181	0.5554279776104573
-0.3962774709783519	-0.45883697700470943
-0.4032476342638233	-0.4677084266085596
-0.44527003436524004	-0.46661179974845374
-0.5519870089278939	-0.9096752952794025
-0.5359737053594318	-1.1081051375254494
-0.5084570615083905	-0.9668258542738135
-0.4953786095056011	-0.940499654015907
-0.871539612841671	-0.6215667133714634
-0.4616891724443301	-0.5860842625688574
-0.5385254864414311	-0.57141158179867
-0.5371058342483148	-0.47628010467957754
0.05831018904318003	-0.5330901381200736
0.10002526430324146	-0.5963657875117095
0.13798667444951757	-0.7404909459407647
1.4911909320149273	2.3763466784927743
-0.6936115881246996	-1.5658144974642032
-0.6936115881246996	-1.5658144974642032
-1.125369377929202	-1.0003964700169676
-1.3277105365162485	-0.7193599440062775
-1.0449197079632169	-0.8245970920827042
-1.2165189379910268	-0.6762914249496584
-1.2130741566159204	-0.711668359991074
-1.4730894776061556	-0.8795289908016851
-0.9670784132944619	-1.5582391100383706
-1.2061163375635575	-0.6379962496795493
-1.1056425877603147	-1.1208133914866532
-0.42214373629851787	-0.575188253192149
0.22980710731106258	-0.3868009931635719
-0.04312343017362691	-0.10391788825498499
-0.13414295343500007	-0.02495232046566558
-0.4014047960297766	-0.4192292028369399
-0.8676598624027498	0.30359714244870295
0.3003626177006874	0.37520875604043535
0.5467157381330847	0.2175454291355223
0.9709753599044759	0.7015223117027604
0.9741276628750698	0.5565022203661916
-0.011213134397637886	0.927898099232871
-0.12422613365483968	0.5562750184670973
-0.13393606997636057	0.5679676900994893
-0.4400794671205574	-0.4805758643938976
-0.7410120530728433	-0.5256537703139486
1.1596752099222498	0.9570595749838285
-2.096007639939447	-1.7154199218168928
-2.1691530464460667	-1.8243529953006632
-2.1263619182492803	-2.0935805894539
-2.0017500697182418	-1.8932592656359077
-2.1424686536105466	-1.9933296911031617
0.842381270501626	0.8466522772310168
1.371918527677091	1.0077924222887165
1.7109344869007213	1.6775708308720025
1.7946042026565665	1.8643031148357851
1.7801494293290854	2.1454699734056955
1.7778562945153644	2.161631915964677
1.658167353283861	2.0868106245914033
1.4959135094198905	2.1791088734980772
2.7827792363273276	3.172925390778079
2.3500416202146615	3.115265614385376
2.030293093363488	3.0258062809398907
1.7054646601755648	1.3273070732907053
0.4977513262826786	-0.1798125037203933
0.5258252965673867	-0.11396559975417682
0.17009478706494383	-0.15991620915588706
0.11111071102254769	-0.09825036025783472
-0.19204535041100992	-0.06829452471307804
-0.1881270157983692	-0.06351703898726183
-0.06659942568945082	-0.19076058247156552
-0.036505290820016675	-0.04213375777424188
-0.33796992069136794	0.18481010893999145
0.017072476271166936	0.3042809132620744
0.07519882439779038	-0.066204383904135
0.690434252862262	0.9639024350415428
-0.7377435582010672	-1.0493836980685047
-0.9172291048613532	-1.248866307407119
-1.0059642360606647	-1.1942595798939515
-1.2624451541543484	-0.1366851460461878
-1.041662786228268	-0.8233516701655691
-2.493198046754198	-0.6118101725437466
-2.327566049411825	-0.9403504981534209
0.7507621623566796	2.0272233861203963
1.1439529823947485	1.100513737264373
1.0721155081251976	0.9525731242967777
0.9063994896931075	0.3886973518801166
-0.917744198971984	-0.2917816250640998
0.783062646303139	0.21539938769632946
0.07009706072741496	0.32284022757736425
-0.0844819625745209	0.09255919870318038
0.005652520461294282	0.02873867433046061
-0.6793672566992907	0.08925756123889796
-0.7061090041972271	0.10878039993615979
-1.1228079672223905	-0.2061703631565239
-0.21940937021520335	-0.49534415559425954
-0.2587370250896031	-0.435285074450379
-0.22991715651855496	-0.49832085384814423
-0.24462555521883342	-0.22531409642995037
-0.7279717018731255	-0.651059725447822
-1.2388879234351144	-0.9854605858777963
0.5548386111398591	0.5940523075231957
0.3532396137907289	1.2486548020657653
-0.738573639710844	-0.3722030923466112
-0.709641988488454	-0.2739555237986682
-0.4798710839927928	-0.4145013541680186
-0.583978678096689	-0.5447650437148863
-0.2633972817698441	-0.49424010054616474
-0.035892617955381095	-0.7647542221120732
-0.05461054784079501	-0.7774003511008913
-0.32404946115160366	-0.35962193113216306
0.32462435350229124	-0.11174544100309176
0.08345509695393934	-0.040486323448802916
-0.4290103337538538	-0.2303319688434412
0.0655640321442356	-0.04574763386917863
0.018661609615721254	0.06686514875414185
-0.872835136126906	-0.3795174710636608
-0.9406128827308586	-0.5484303456589095
0.31577995749914606	0.08418159126030036
0.10830111148119488	0.01032283748446033
0.21124949170597807	-0.15651906264993878
-0.7771700381915999	-0.5834115600897691
-0.7092590859428309	-0.9071422320688395
-0.8132064184323484	-0.45627884919557815
-0.6481589756089903	-0.6452606296165416
-0.6875062488797087	-0.7446969438923421
0.5169610397513317	0.5040113489612443
0.25808449513794035	0.5733630616587491
0.40234906154409544	0.5019723058191992
0.367696731194379	0.5129392126871055
0.9968103089972554	0.5612965987404033
0.9659056137956106	0.5758736295775111
1.024538468292157	0.7073464293907291
0.7541448587371848	0.9307888061690269
0.6687960994242869	0.9046565386258328
0.5754690442193718	0.9405334882437189
1.111850216994793	1.0803255326884347
1.1240980731778112	1.0707364681503222
1.0994859456928594	0.9542945158751744
1.340529769583057	0.8252013895316992
1.2023114140152569	0.6651146737841086
0.7596105074054842	0.544044340998112
-0.45959551499747264	-0.34893725403774134
-0.348373623866389	-0.6994152339483852
-0.6146755318200882	-0.6252171956438475
0.38736908015879823	0.37696261544708165
1.1128452773016881	1.6162942760709533
1.267432491037285	1.0135093294744026
2.0043832840130476	1.4767982336343357
0.4594725788532867	1.0926795875262645
0.3090377635851144	1.4049816597804416
0.5794477942858676	1.2852689874265926
1.1739606108090155	1.360094168684509
0.29711233337291204	0.4573944110894444
-0.04864535043057987	-0.001879254172063938
-0.06234741236552381	0.06453006717233749
0.3462510541240412	0.21059340636389506
-1.2984496460828472	-1.3029490658879264
-1.649474447097817	-0.6937237078924572
-1.7028565173711365	-1.0466833256457282
-1.705292812106343	-1.046428646988718
0.9264742619419459	0.5277199636756887
-0.940456123776162	0.0632376795389259
-0.5779948184097194	0.19255224797691045
-0.5796976996934787	0.1867973377731635
-0.38307214771927367	0.3765254466367002
-0.36318743335361103	0.35795527302392394
-0.44128147825274744	0.2056904371643429
-0.538039330253094	0.3801397015044224
-0.7509739039709084	-0.21227459239865526
# NUTS (ϵ = 0.05)
-0.27103901839989664	-0.3232120477582426
-0.8820854781478341	-0.8758496809752389
-0.8981653017458451	-1.007936314413011
-1.0389826878901904	-0.7143606749979777
0.08194073256807731	0.07101303378989963
-0.06576257397376568	-0.12723122476591164
0.05321710179700479	0.619477431261348
-0.33107977209450123	0.23803371783917712
-0.3520235700859719	0.5765227297933043
0.06623396012074216	-0.9522562572073914
-0.14986616936985586	0.0884374303626478
0.11270306368571355	-0.20498807293129695
0.35070065883357215	0.03065812269524982
1.3802784534330697	1.9594255152194635
-0.04043253161407223	-0.6880241141632877
-0.16097240358422416	-0.559425396678093
0.6142031800306478	1.0401718979463985
0.5389539995968032	1.0800516186124745
0.8823554169181076	1.2171899573884157
1.9028072208734728	1.645075648609694
1.9950500308631454	1.9920832636645394
1.699573846290257	1.3311387871853253
-1.4440448773209407	-1.3424212013289276
-1.5019561323403485	-1.2404025716193612
-0.9678590395419725	-1.1386839954907635
-0.8482681314631159	-1.1675188276529516
-1.0623908754220857	-1.1543309348118171
-0.9020363073056841	-1.172541945494355
-0.8254932842103934	-0.048226469468821545
0.678381535035908	0.060188568918661874
0.6677275611853168	-0.025160305640573893
0.05535335330253039	0.6145908828493649
0.20090157547126064	0.276381432618564
0.17016235996889129	0.05275043047144265
0.1450308948847986	0.830973748051631
0.05332691958852303	1.0271380519847302
-0.14395041534533196	0.27757573494763627
0.7161930066230197	1.0352580637659106
0.7073671255033379	1.1012279495368902
0.6844268913940984	1.1666158015320258
1.4012172667683653	0.8147717021654826
-0.33999066672103884	0.24916507467946925
-0.33999066672103884	0.24916507467946925
-1.107831919469631	-0.5719403929091225
-0.22494823776145342	-0.14741368188943763
-1.8185633160084402	-1.900461892399774
-2.1134853688465562	-1.3772474964228065
-2.1228477313230316	-1.379250338525548
-2.012247185323702	-1.230698633342277
0.7566863171681091	0.05276168107418705
0.4186212859671125	0.05886451469060366
0.3948288922513312	-0.012438597410463478
-0.5703593391991162	-0.3613543962118908
0.6588596572770589	-0.267570155741848
1.4617576857155874	1.033978867290802
1.4813298102658303	0.9557041919814074
0.7696671106457431	1.0177953522097536
0.1437607154362308	0.12045702855127821
-0.20787598497075815	0.10000989956562945
-0.6856058022609491	-0.31706520594609455
0.5315239993317058	0.26666542768322526
0.2264154725508559	0.23630310679034128
0.11189917972276403	0.0366030986356525
0.2359730564393487	0.12861153591003543
-1.0742956679379476	-0.4831718872727159
-0.1576528344447301	-0.23447373709885894
0.030878826503297874	-0.5170812911700031
0.11126546082710279	-0.6279456057504879
-0.6860258807150449	0.14208613499600492
1.5314100858316	0.7497015227197678
1.3963092179797518	0.716409279360713
1.3963092179797518	0.716409279360713
1.5167830806911435	1.2543296265868267
1.146822090645499	1.2259654735965329
1.318307609060748	0.7810947689108838
1.251987846485809	0.8059573792439073
1.6594996846924455	1.692689651095346
1.6070307206589391	1.5036687989876818
0.17412401627905447	0.20063031917826868
0.3231376567409008	-0.10549198026766776
0.553276362058398	0.7762753859644667
0.2567317406713104	-0.09959312930773662
-0.27656817300276676	0.04166074820447978
-0.021142541879152807	-0.717894907173054
-0.49357599647327705	-0.5973114792266252
-1.0471243430873585	-1.339162213803652
-1.1903271159752098	-1.195795051251641
-0.735833050087952	-1.2183838442955006
1.0795874704977428	0.6587446295100042
1.2500689043545825	1.1775180322926821
1.2002338220816708	1.1047262915264247
0.7729153459848218	1.7375236153379505
0.7743932407819294	1.6957577664133818
0.5993344743522118	1.6260215206554651
1.467828566560715	1.4777496237081065
1.4759488168042543	1.4743973463978515
0.9623591288484225	1.6590975661464178
0.996713300870223	1.4903870471409297
1.0653464356789162	1.452600556567246
0.4914643383202986	1.271775772882113
1.1928354513408	-0.6013190169823683
-0.10989109280949075	1.4928637439758385
-0.10989109280949075	1.4928637439758385
-0.09876889096632385	1.4065130165355628
2.0905032296234825	0.5928042939724737
1.1878394227460025	1.1894155411575702
-0.2596633569804935	-0.048476028872440555
-0.45538224531714805	0.19522369657690722
-0.46783961732174234	0.13828961830536163
-0.46783961732174234	0.13828961830536163
0.5250948397969126	-0.1458927835329694
-0.40394930648286775	-0.778879550679835
-0.3858877804725988	-0.8187735021053008
-0.6827768090607192	-0.17710396109635607
-0.6827768090607192	-0.17710396109635607
-0.04501994889944399	-0.49946208426905553
-0.05590441510571295	-0.4759138273740958
0.14413635145098425	-0.3448994409896626
0.30093353695857517	-0.3377477652281342
0.32067972266192013	-0.3303811566935735
0.37157145568478994	-0.42134628028663124
-0.03756691431623153	-0.14394671821802602
-0.5255580854815418	-0.41656512526922607
0.26148170383181635	-0.15286533727370957
0.1421721777846074	0.8360733112074904
-1.1842471373229853	-1.9324662816338072
-1.1842471373229853	-1.9324662816338072
-1.2371214438760458	-1.894862958184342
-1.1801031726734983	-2.0257976978486973
-0.14297841061904076	0.45259894330259054
0.0009717629750715523	0.3674991175940103
-0.8051576831342546	0.17535728749511176
-0.4700120604416661	-0.18769671022879186
1.2676256331723508	0.7730224911828733
-0.018330792816488556	0.0507070849267011
-0.25753872842057274	0.3064195301977476
-0.27614835501832913	0.3033786158593934
-0.17252702809565973	0.2988129758864505
-0.15725311294761637	0.1979104609670279
-0.5359246785894539	0.19593064450675665
-0.10780423306933558	0.4411850384805567
0.060426079177874965	-0.5075734025102343
0.3989377410111972	-0.24754385244291865
-0.196935163729409	0.05093153629295893
0.22244157870376152	-0.08478941996117234
-0.5332017425465773	-0.38404592559139783
0.8497532276085997	0.8098390362859169
1.1660757173060263	0.5982916984689883
1.1660757173060263	0.5982916984689883
0.8438284432083627	0.08075970144429465
0.7091146089173765	0.24045028187796108
0.7100995552206532	0.23776180034923297
1.0416387905009548	-0.30607961450817095
0.9710909964836172	-0.19205179753615273
0.9710909964836172	-0.19205179753615273
0.97383096576425	-0.150034399050174
1.1327218167510078	-0.1373994623171283
1.2006560809450142	0.006978273978728286
1.1976935130325599	0.21735190449644456
1.161722941890714	0.27840492845077286
1.0899022944792502	0.21847583065465412
1.3158119061321747	0.3245199678509997
1.236382444590704	0.6157539151765742
-1.4048549908514998	-1.440140429179858
-1.3728744554688999	-1.456025532345359
-0.8268861059624456	-1.6900454009089987
-1.1646176632691827	-1.582982666361829
-0.9580728646394444	-0.5308805148058263
-0.8974804947470758	-0.49844190951622525
-0.382654201803749	-0.44020270226418035
0.12712075515218682	0.34643376353544664
0.5147898219722311	0.4189564436668703
0.7138573614563806	0.4877739783108964
-1.1073378337901933	-0.6066917275666777
-1.2666240748711075	-1.2508851629312758
-1.2326236088071885	-1.2417059438265723
-0.6631782460695866	-0.8286249298476474
-0.60143468308665	-0.871867851821416
-0.5999937958434549	-0.8743758844885896
-0.08666667394719618	-0.3872345441587945
-0.7048551308001254	-0.8963335292923238
-0.799604565487173	-0.5290339923792403
-0.7922021491986772	-0.5021772887406813
0.39909957942122476	-0.5767376107013759
0.28219020739247824	-0.6426721278659142
0.26556581547494024	-0.4178725272520811
-0.5334056132365067	-0.7110823410551895
-0.5180279746265919	-0.6728271940124742
-1.2621125632664005	0.14423022692558218
-1.272770515673101	0.19029084700625415
-1.2896904181300446	0.07165577403415886
0.6633804885874964	0.5743473566143156
0.4407435303807842	0.5517246356573425
1.4269444293072853	0.5858949482298959
0.6401321422130901	0.9160144935770859
0.933757666899071	0.5621392729838512
0.6258085979698501	-0.1989595267834146
0.9289435003904328	0.08626939796065108
0.8032893623358173	0.7860018248582087
0.6858166474092808	0.813723236518202
1.3272362323801215	1.1947114732139268
1.3532457372710707	1.0897656154173907
0.38720834719001884	0.4238325439918763
0.25950827747954386	0.9000206520335137
0.30402458424279377	0.2078223933080967
0.1788416645652912	0.017954923047182277
0.46990873264979083	0.034740057383953554
0.5127929202488419	0.029950532739682678
0.028011619425562906	-0.20785538171684945
-0.048255458128255754	-0.17826996800516515
0.5891075198788234	1.2504933133321878
0.5891075198788234	1.2504933133321878
0.3468462246389592	-0.13938583548553363
0.07080378139769158	-0.09316610202340458
0.25992459581031047	0.33066828829648415
1.9899222661819786	2.1003478769732173
2.1465360260345654	1.6158718093778883
0.28854083310625467	0.9996471711535875
0.6939638012214857	0.7706443677315713
0.5210587354306837	0.6891243421003221
-0.15872665513975098	0.6248765248977957
-0.12999556782017904	-0.2936099487435171
-0.13470138825753997	-0.29385011999297983
0.228322550850534	0.1758558590146613
-0.20298942510871176	0.6018015683203355
-0.2696211571562835	0.11889714902056178
-0.32687831273405527	0.07003478021431425
-0.9312001834533019	-0.03372188356920632
-1.0062568152725264	-0.2739944557358716
-1.1597728602826176	-0.5602422414599875
-1.0830089873294795	-0.3396414422749246
-1.0934717042163737	-0.3398677377473096
-0.8591126061806921	-0.7401369789526888
-0.23444164207272256	-0.4420784398720936
-0.43548759535331333	-0.41736058454433933
-0.24029612863829064	0.14888844970802767
-0.8320385578907833	-0.8894968775713749
-0.8320385578907833	-0.8894968775713749
-0.5387176676606603	-1.0194912139175825
0.5168948454948068	1.1039261627905739
1.3203089840942401	1.0785766715464944
-0.6515642067699824	-0.42372882229197706
0.23411505648500616	0.10007732808406242
0.8472375927107468	-0.11337864741333444
0.22155899346416563	0.9688183860886509
0.608556188924192	0.3358227894018836
-0.18875597670602404	0.32873068216214246
-0.17960955688807773	-0.07472316424694862
-0.08828423966624586	0.19198430853824128
-0.08828423966624586	0.19198430853824128
-0.07535980841521257	0.11673240678772487
2.004074759534464	1.356437405734248
0.7172536364041011	1.2320969275369678
0.6282901339813245	1.2221258252438159
1.1543866605951392	0.7766658460664358
1.0596808891296556	0.7809243894342593
1.3078553620288773	1.3567676000076476
0.548484047120568	0.6082908842635866
0.530341425580231	0.8125107670741515
0.5200393127883919	0.8239850316580013
0.4034569709830743	1.00187974466976
0.585463996839081	1.0441235444595003
1.4751539197254189	0.6788292498391827
0.90689073057562	1.3204417367137296
0.8163295363249171	1.4729811196475255
0.7781403857691978	1.4828590325257618
0.5530269000889775	0.034240503905390116
0.7934894801833817	0.25370120991785167
-0.37049556398877237	-0.3163715274014333
-0.17571297425815582	-0.5768790041662937
0.0195924146994944	-0.0125848433217889
0.007807374661711619	-0.06649471482842512
0.274804888363384	0.11294280679851088
0.26932073252983524	0.1045966417154067
-0.49304460341029827	-0.5667341328815777
-0.6816138292967977	-0.6123654001959749
-0.4351084828097245	-0.60373792238987
-0.5523551208095575	-0.20420055535676476
-0.6647350356542728	-0.08138431257619863
0.48135992692185553	-0.09458714966166076
0.4399782788477884	-0.04652228921575747
-0.26031634820362365	-0.06639238182670514
-0.989531806191856	-1.167079429351506
-1.1137240766460996	-0.7790301715039515
-1.1972931858199496	-0.7875329058565235
-0.17377480955263538	-0.5652197581290185
-0.4146095000223329	-0.5320293156472207
-0.9287948348279799	-0.18157163561762596
-0.7401171526378691	0.10908449751344063
-0.7841092088816284	0.15243883947042083
-0.724914101825902	0.35052726973016335
1.247519404075222	0.8360029666017607
1.247519404075222	0.8360029666017607
1.3131300896872031	0.8628211274858997
1.756716533546046	1.2900896290926693
1.716615681970539	1.288913088576165
1.7616583879287453	0.9061548701778621
1.2942990437474533	1.2739988415819146
1.9695958245609517	1.0779945957241293
1.9762391419959169	1.04791386099416
1.4298548366445714	1.1917430909288265
1.6975930896059566	1.3689241170336583
1.469044038005831	1.2124144960527339
-0.9447404053235903	-1.353444648840784
-0.572846502560748	-0.5959809054649365
-1.095707756559586	-1.1947363794620596
-1.1293954219359048	-1.1413208777025652
-1.2157942516593065	-0.36004680236774445
-1.119061918635289	-0.3668322007066967
-1.3606192456641217	-0.9629569796553492
-1.3606192456641217	-0.9629569796553492
-1.2955449373341583	-0.877370328129306
-1.404470836165575	-0.8782720183158917
-1.619603362292857	-0.8070817421020785
-1.4875519689055818	-1.5734361008529973
-1.1312302672348715	-1.1859613604206556
0.7726080615929934	0.29911079388708417
0.7813295120718583	0.2356189579235224
0.7805947215191784	0.506960341193122
-0.302791797390525	0.10714083617119993
-0.20584444591529447	-0.044314520125965776
-0.47793217758473383	-0.31386606593976424
-0.5657087912750516	-0.554405945819053
-0.5926047254969817	-0.4762528896861586
-0.14759700732381925	-0.11250392171920218
-0.13843295916224424	-0.42745719114329095
-0.21280013368080308	-0.4527979355632609
-1.010315230886243	-0.1909954959810728
-1.0704394005296387	-0.2832399452995218
-0.8587862052736085	-0.19635715674231985
-0.6407391964904856	-0.5643827141479003
-1.0161199079891232	-0.6298158436245616
-0.8513542019910846	-0.5716102056972918
-0.7068482049585639	-0.5357333393280201
-0.8138773255925322	-0.6651490575506757
-0.5262424259157404	-0.8579611873693738
-0.9218253522074714	-1.0226033694504006
-0.6279173956679267	-0.030244499756895443
-0.2157144444860631	0.20631926583322885
0.7871090944658929	1.0266377061079335
-0.13593557487529853	0.9193236026894499
0.06156563150398011	0.3866462161326615
0.007119423333322777	0.5374788977749915
-0.6266534668248502	-1.349365130466079
-0.5703090892106151	-1.2935421657746617
-1.1697942003803439	-0.44431247395871704
-1.0915243261258698	-0.5393589295884454
-1.1260996624010047	-0.5493698929594356
-1.0591080700391136	-0.5486596888968516
-1.0591080700391136	-0.5486596888968516
0.39652062007036387	-0.03780974607621114
0.4152082035389553	0.055779637076009164
0.6663275896449703	0.2418147177069138
0.7493635564859749	0.4452143086560444
0.43001241297219517	0.39648896677040785
1.1451382315455394	1.3103719745741738
0.880370714564799	1.6880090145322937
0.880370714564799	1.6880090145322937
0.7263000682596324	1.733016020086325
0.8144646350465419	1.6505819737663139
0.8144646350465419	1.6505819737663139
0.814539896373311	1.5223601208846933
0.15446818770241338	1.9294757314179682
0.31592519010869563	1.4554895759747506
0.3705027954402754	1.3466337569618159
0.3705027954402754	1.3466337569618159
-0.06243407737340578	0.9630459074871203
0.6766413001914412	0.9598024441939591
0.7570328783188565	0.8913322554251073
0.4889463710494984	0.9836133716083699
0.7630715392687256	1.3695153452611972
0.0067351772571275165	0.2443059947025824
2.3057458780250446	2.0670208691837137
1.1832868556054723	0.9342121821938184
0.8002280549993342	0.5097140597408206
-0.8392550872137077	-1.0782633330059928
-0.8226201587333057	-0.9067698812908576
-0.19022252849082072	0.5041077020260264
0.12904387454206961	0.07010559445072734
0.1916751341929979	0.3430822467619312
0.0687133923908264	0.2894803494535193
1.4682219691416014	1.2121828779591435
1.9068619807481806	1.246423224276597
1.5961494512576564	1.0986050590029064
1.644234998441414	0.9844754784955535
1.627498613519052	0.8627179305391196
1.6684076795677358	0.7603399470945934
-0.0991988730935931	0.3527340662572809
-0.050908564893829084	0.30651585494809974
-0.37967378887779346	0.3913335046409111
-0.04621730492461931	0.40978954429793446
0.2529752169230042	0.6714666308490778
-0.010666247236195596	0.6702980814286839
0.019643016583479195	0.7121072074725299
-0.1300630632548193	0.8434764178909163
-0.41362445591949654	0.6464115998950092
-0.4789426373300086	-0.8563910417125518
-0.4207082609990399	-0.7956288384384761
-0.6995873678705791	-0.884132354373544
-1.2045502271593858	-0.9288876640008689
-0.9453984220310089	-1.490104956607097
-0.9453984220310089	-1.490104956607097
-0.7768832742037006	-1.5387435027211032
-0.7167006087165425	-1.9849347064573966
-0.571858236190623	-0.9575365465621443
0.18805833586447948	0.6190239882910799
-0.2201548028616316	-0.925888316942034
-0.3832831748947299	-0.2496671310956381
0.11021741126789683	-0.32307103086053934
0.744467239157615	0.6510354462420226
0.941347802316132	0.6165025092985058
0.9193269139378992	0.3169200055911736
0.9456957851613389	0.4246693606844874
0.804398116141698	0.38718627448167847
-0.8475950359185525	-0.25086760820335885
-0.6728335598969183	-0.6337173986086075
0.10763805187244883	-0.711387024271231
0.04296978500663545	-0.6720607962067398
0.33586283366583175	-0.14189263597796226
0.12075575041654982	0.6611260224998805
0.13105809065702004	0.7010592886144539
0.14106124510030701	0.8235087013733912
0.10747351445981448	0.7690755119278094
0.5058899347468535	0.8292158151183147
0.6169867042528563	0.5611262127401312
0.6224063590532167	0.5791069696889027
1.0994558798491485	0.6035342629324839
1.2653465160250619	0.7315698704510923
1.134643286144074	0.8168778012288946
1.19419566144505	0.7907863367460632
-0.4065438990275664	0.3946084004219371
0.3054723214815791	0.54328768545038
0.3358276169306189	0.5216581839917813
0.3737618364234138	-0.7291947825675333
-0.27993624701397135	1.235318878167197
0.2261978063235402	1.0530638970333104
0.24184828208953255	1.0400816691411294
0.7381944870725269	0.8431197079048743
0.6830825290717545	0.8486558278759685
0.48210980829594735	0.9670232327714159
0.41610862318717834	0.194730933979524
-0.16870827699713167	-0.4786807220936039
-0.16388493402364127	0.09469922681444096
-0.13657132158903054	0.14881683561484682
-0.1401750856699856	0.7211456652336194
-0.1401750856699856	0.7211456652336194
-0.18162055639848187	0.6657710616325875
-0.3348214815242669	-1.1572515463641875
-0.35402618628897203	-1.5185961247857258
-0.5564252361240154	-1.1364374139571762
-0.15454481970444553	-0.03636437055315832
-0.4600229678621624	-0.20404780613130957
0.6647719727097111	0.44970129988616514
0.7458604844351104	0.2343507638328927
1.1003390929443617	1.5943187356461226
0.8080486741401666	1.5513674523158651
0.5841157716281977	-0.07611062819461854
0.5324825984617509	-0.13636658512608751
0.6305722193649997	-0.18267970680645196
0.5695517904274662	-0.1279787737988237
0.5731582058577218	1.1833537840307293
0.28773549613490285	0.6401027263510063
0.24103533903547092	0.6943733810175882
0.24103533903547092	0.6943733810175882
-0.639782045932862	0.06819937998203338
-0.7470780875174052	-0.4345200937086415
-0.6758603298941969	-0.540523752109348
0.1750045030478416	-0.09843821660187838
-0.6274683801949005	-0.42463787370955475
-0.5892300386419784	-0.364800659141196
-0.4892590589698663	-0.02396755319008012
-0.8383489196528264	0.07072249114322586
0.028098386051687962	-0.0411869350778102
-0.11078394812869516	0.062164968153865505
-0.11078394812869516	0.062164968153865505
1.0813311186314756	0.2363727657955746
1.1304985911565706	0.15910003281753954
0.7147258472257957	0.7955861347127512
0.9300268487011052	1.0774839419493538
0.9301213244743126	1.1791759032978741
0.8785716241395972	1.2580176216413799
-0.4197354076496507	-0.9985509157909371
0.43620852823876444	0.6131700395597319
-0.09532989630210893	-0.4279351361823296
-0.3132644067661618	-0.32995649117208037
0.131338058274385	-0.5100849204697778
-0.6203912798313856	-0.15328737163110365
-0.3473602620033858	-0.2659686825232684
0.5753021361034684	0.31609876937190706
0.4769636400497468	0.49863426144831013
0.3873960546000303	0.41892489462703175
0.410812762997953	0.43888230774186837
0.7958056860856288	1.0132274150410059
0.14418020735591303	-0.40111187516825514
0.1410379912185936	-0.4641712339165853
0.05420919662513926	0.6663249553816593
-1.1236446634164958	-0.6200797820885783
-0.8818932024630995	-1.0216808452238286
-0.8551886848980437	-1.1112077535425793
-0.8551886848980437	-1.1112077535425793
# NUTS (ϵ = 0.1)
-0.47087717382592814	-0.5380699760540686
-0.2598302224536396	-0.2916948436711413
-0.1939599010003529	-0.31328886283092405
-0.25455559851754106	-0.15483318257252154
0.4106380351411605	0.953377999758764
0.4106380351411605	0.953377999758764
0.31994957177546424	1.071036747239197
0.45824912891693764	1.3703959436904312
1.088600293529318	0.7292418495757772
1.088600293529318	0.7292418495757772
0.45545270659467807	0.8205384980685301
0.7042229014954827	0.5571640771207405
0.22640142760202475	0.7683102959426305
0.9451373189923546	0.24709247974562937
0.9953972070179155	0.26879587277913386
0.1858700764895194	-0.9800219671976582
0.1785475288425477	-0.831525217285951
-0.42382330974620963	-1.1353186598282514
-1.0156650762461419	-0.0764224490898862
-0.8267473709219989	0.005952375054701326
-1.0112196832088711	-1.1829270726406673
-1.3497992168121824	-1.385208152176746
-1.0558083758325842	-1.883849054069977
0.033479176711158964	0.9606989587139833
-0.3041795227482825	-1.227452142976367
-0.4986286883763218	-1.479123710652886
-0.10530412303182439	-1.2360152473246384
-0.10530412303182439	-1.2360152473246384
-0.2520512583195863	-1.2323937657469286
-0.0836792535176252	0.4146261301576596
-0.08477826636040134	0.39798646950945876
-0.019229399396254114	0.21103574553910326
-0.9289152470801905	-0.35521325304540546
-0.54125647976788	-0.32850582925438987
-0.1748467310788474	-0.7197520673314044
-0.2670969443089805	-0.34723576052128347
-0.5011937330245287	-0.534090624244779
0.2511083063709336	0.09520694853610592
0.2686742193476766	0.24458318119842815
-0.2018097060824644	0.2272881492453577
1.070575009545793	0.7058830066988485
2.153997366007521	1.475539464374864
2.2131761975136293	1.7991768161562012
1.8344178836676863	1.4957348359456244
0.9206561155450682	0.7264206790806751
-0.11093376596786533	-0.2696032295471594
0.5850822712727803	0.12816925940104928
0.7771877676251985	-0.05398706813710781
0.7771877676251985	-0.05398706813710781
0.012524440243409651	0.2006605741139099
0.19983680645774568	0.19917184709590244
0.6195138244240129	0.2548873706559358
-0.2466840126542416	0.30943277836922733
-0.2715780807749577	-0.0929734525543644
-0.2715780807749577	-0.0929734525543644
-0.48695763386374263	-0.18800032532438604
-0.10901788392034983	-0.3576781305187493
-0.15009617304833278	-0.7875306660434079
-0.00033343406977670575	-0.8533852772113174
-0.2502019900760977	-1.3664369559845877
-1.6909524148841968	-0.6288964814167934
1.5478589629584711	0.4241204325352431
1.2921764883799869	0.9179613580524516
0.9515229656520471	1.3750652917810096
1.0312746383877403	1.4267187403733903
0.8723209968058171	1.3744399145641084
1.7332365377876287	1.2690360525345548
1.5681775835484957	1.2475060096447264
1.5681775835484957	1.2475060096447264
1.40489615549143	1.6173316127453403
1.4555983135714934	1.6685585493198445
1.1568636906799872	1.5647326401814843
1.2191336426620505	1.6039398142264962
-0.8141836193132262	-1.9989917511059843
-2.3007680597958746	-1.4260736346797909
-2.2948046951731365	-1.400449958398718
1.1198215609873976	1.9479792277202623
1.1321637871106853	1.6223317269333977
-0.1979423473983552	-0.305113275802961
-0.03971618758124541	-0.5070509147653733
-0.03971618758124541	-0.5070509147653733
-0.08024233932105321	-0.5139391325161871
-0.9396225396891064	-1.1124293614176988
0.14387224886123906	0.032627193839944196
0.14387224886123906	0.032627193839944196
0.5877229347444302	0.258445124560763
0.6802542402194616	0.35667101260128486
0.1951115782163475	0.37114151202444123
0.06623136368943647	-0.060106167574428666
0.06623136368943647	-0.060106167574428666
-0.2662309141539058	-0.15279429627365806
0.1548025324618551	0.2689809117515359
0.17251137122498242	0.18316737861883603
0.016215529810446605	0.16881191995071884
0.6581397397905554	0.4528391178173045
0.5075325107547657	0.40469364706564753
1.0700823308382286	0.32755440089795135
0.28509905523882806	0.06126094751942069
0.48697180510886384	0.06927116939020131
0.6775835198092581	0.010108965854475013
-0.5314434911035715	-0.21256133412774622
-0.6688394976191097	-0.22769193153958206
-0.4865083149617885	-0.1654364698971355
0.34787300249802966	-0.046012976858545274
-1.1489966149036834	-0.12758121672190506
-1.1523496994707942	-0.12035185014321427
-0.9882978737388661	-0.2842904064124181
-1.0464155092595697	-0.45472561650207793
-0.914463054621058	-0.3638402099278757
-0.5332091825045422	-0.1866269828674582
-0.5438459201208519	-0.5125716243471138
1.0905240409367636	0.7614110789022795
1.0622258851604998	0.9631376169717765
0.7637393944582455	0.5120661321016496
0.7432797319640898	0.9783225215704886
-0.3253928554638653	-0.5640426326893979
-0.231244915755898	0.08405427386827438
-0.8106794557696007	-0.7131883425161482
-1.0115406678984307	-0.06960398385800602
-0.8551643750970903	-0.4943463980152275
-1.084680511842546	-1.8582614876429875
0.08302335429611926	0.9002138028947811
0.5518232808106228	-0.31965797212432495
0.11289228538403485	0.9988942788094174
0.547228156987258	0.9890567896561548
2.52948569254953	1.7242854164822916
1.2710200113479386	1.927335323499536
-0.32698895318053756	-0.9859852334872221
-0.8978527939431064	-0.7888797133561348
-0.893511261111702	-0.6907040300816012
-0.774472135099738	-0.6966778947336175
-0.42728756072533414	-0.7553922163646722
-0.6632110339391165	-0.3089785457263922
-0.5373641072636643	-0.47845693808831996
1.646314226446929	1.486517554335953
1.334672801245067	1.651555467561888
2.066997557640686	1.7665518894310908
1.6326922558381378	1.9515759337139909
1.3691060070528176	2.115547854548014
2.373876494072321	1.3562620407029198
1.23586606576571	1.2637840986210884
1.3374670125617951	1.1144949696356523
1.2861499231660696	1.4419254797996077
1.2991153005163256	1.543027288400845
1.274277188263557	1.5962065083733763
1.699119886230923	1.3696028278119436
0.9964848330014813	1.4377098638264825
0.9964848330014813	1.4377098638264825
0.9699949354739628	1.1792502348193914
0.5244149815456982	0.668847526518493
0.3707810455449072	0.8908511220824555
0.40746815405274467	0.9141016697331656
0.6711926830668035	0.743371920141304
1.2071339616837249	0.6651093048389072
-0.3046570346896509	0.46986725024347065
-0.8424773038876763	-1.627433445100563
-0.7811744916458131	-0.12771617724389803
-0.8203447564120687	-1.0745240415390376
-0.8817205934342743	-0.9576138145721587
-0.6338138345274302	-0.9602329367992255
-0.9186648997703962	-0.8519830517754275
-2.0365400100206363	-1.7964638728027682
-1.6846743234852348	-1.3662241634717214
-1.6846743234852348	-1.3662241634717214
-1.2687490512038218	-1.411291852067251
-1.4507765206545258	-1.1783114461054964
-1.2917600199219088	-0.6239126750913074
-0.9783990400292124	-0.6404720664083224
-0.5384574369541235	0.02049473852250465
-0.5494523594292149	-0.07873627238109895
-0.33070012868023313	-0.15677840552744632
-0.3145584731534878	-0.08096921959407585
-0.4409143524420692	-0.07151292506608552
-0.43881134445829606	-0.21938745752220243
-2.333497733600819	-2.0901824910202773
-1.9193726495160557	-2.2546892321267613
-0.7434462534948778	-1.1236873457446617
-0.5151128007612845	-1.2064551298410005
-0.4451580910717914	-1.4241613088681193
-0.8230349701094323	-0.8014936413755616
-0.9316464211579197	-0.7873240037778331
-0.5125495969404658	-0.40602049567242965
-0.9860106982483015	-0.828756371672958
0.15547210119542937	-0.9293575775537632
-0.9125701590158422	0.9599720461727017
-0.8145914671659243	0.9087693703517048
-0.6921742339740337	0.19508173502874515
-0.8740062777997236	-0.37492534349435236
-0.029003456469846756	-0.8676730788233222
-0.151581770805989	-0.8220789155184817
-0.20465281731120766	-0.8808381883127823
-0.2383089950474839	-0.9239942259865547
1.0709498903502916	1.4944353929112462
1.1528594562049241	1.5522968295355823
1.6774937684965687	1.3798853263703994
1.5197461608517133	2.120534128221389
1.3023352121089617	2.247769879040981
2.0731746900832024	1.4206827815205854
1.9839999993218966	1.5469743177280042
0.34902191402329635	1.2868295675013788
0.7142284750191081	1.25509221872358
0.6921887838001769	1.2914889159785081
0.7143671790306977	-0.18052578748869466
0.7393554225378917	-0.1035179807029134
1.3512820787115523	0.8335278947933179
1.516737281089549	0.72009068244532
1.096277327159605	1.8931739564041112
0.995574872163128	2.0306099659010037
0.995574872163128	2.0306099659010037
1.9079048422453602	0.4575444889265685
2.1482106715987546	0.39425406470054347
1.1950389473700445	1.3117816146834234
0.6399327385787444	1.2011917248384198
0.6399327385787444	1.2011917248384198
0.6736031619859131	1.0289955797838966
-0.17661283695295632	-0.5781892824293166
-0.3748368267220952	-0.47969221474154067
-0.8235171603588208	-0.17708190257540296
-0.43117876745308653	-0.8705391650856578
-0.3076691619821287	-0.933433763269526
-0.061054215940784674	0.5467815049574486
0.00822644206779152	0.09229026283857886
-0.20027573450046837	0.13952103696528428
0.7199076190186458	1.0102136535956752
-0.9246584685027515	-0.6740192441005262
-0.6448517185764688	-0.8470387182882204
-0.7070118708674347	-0.10350774044276231
-0.7070118708674347	-0.10350774044276231
-0.6598867116264651	-0.08335807881412606
0.7787651201787539	0.49426963529771084
0.7787651201787539	0.49426963529771084
1.653885473433989	0.7439784805310597
0.9854565571233787	0.6948175323308973
0.2660556167548489	-0.051806935071876406
0.2660556167548489	-0.051806935071876406
0.237812691542273	-0.1771297665723136
0.059976488434590025	-0.052639844416656464
0.05948527962610465	0.06235993002207681
0.27636115179518106	0.45249708769102454
0.27636115179518106	0.45249708769102454
0.22529355089226957	0.06492520351641363
0.22529355089226957	0.06492520351641363
-1.1482810545353963	-0.3844500952149386
-1.0445530010296973	-0.4017331573137178
-1.3462404314696645	0.007699737535052681
0.09454159289873737	0.06739883170655288
0.09454159289873737	0.06739883170655288
-0.9602449761833867	-0.9318576940000564
-0.9883827336258384	-0.984835101051815
0.7010743183797573	0.9519495174554695
-0.8207587279794103	-1.1462361220633446
-0.7334579775790648	-0.49002481507705276
-0.6941305544008071	-0.574602628415235
-0.6898896439706835	-0.5774989220274193
0.26526388229316916	-0.2819614246987844
1.2489149896701226	1.7564196198894266
0.6950396237296717	1.1226370083614476
0.878101425199528	0.38762495180621426
1.7944703478587196	1.2553102475475142
1.5783920152592854	1.565809070199124
1.7494514283192575	1.4555945077045682
1.7215178460281333	0.9217754639000781
0.10294978074111366	0.6607958415508639
-0.7413209796014005	-0.8391542749558367
1.0236721109978406	0.9066070303452651
0.7776733891887838	1.0644103302214778
0.3992834042919856	-0.22180331184011726
0.11814779262937314	-0.39109928482852047
1.5032575106662944	2.066522391993548
-0.3711881715659456	0.7415283074262706
-0.3711881715659456	0.7415283074262706
-0.24366343431978682	0.7357590866721646
-0.34517198245285496	0.15051563562343157
-0.49390864718783567	0.26883577379250434
-0.15386518457242496	0.2843430871244169
2.5582865066801244	2.1176407597749
-0.3902775506450017	-1.290754543818567
-1.173788351846283	-1.470104421463968
0.7391579185519945	0.6099567093704752
0.7102851278895805	0.6708103422229961
0.45549385709370543	0.36459093620474975
0.7862829891791184	0.2902495963596107
0.2948455192960803	0.20401173773191814
0.48543547210984483	0.334084479273813
0.477412146741386	0.3716626527948117
-0.5266703407810659	0.046760945071225246
-0.518018410468406	0.06259707119059114
-0.5907174876831185	-0.00860242411454444
-1.3007031522667003	-1.2189805911383906
0.27268075741990283	0.1950161079929157
0.34483736093438966	0.3002511822840258
0.16017556307452557	0.3513905780002007
0.3946439606066187	0.2693973073438018
0.42001387715640814	-0.4966429796855628
0.4061131016694142	-0.7061307886407298
0.024549331439630187	0.2768221901678911
1.282098947377076	1.5358818175326303
-0.1793721121837313	0.27144381014357316
-0.3417733620411631	0.039755237217066045
0.43506930591334575	-0.06689292430302138
0.1945839168430239	-0.03929041717673386
0.26534074185109907	0.21053921827863042
0.3593555392059751	1.0864149223794857
0.644449363845544	1.3083511839887014
0.5897144039701118	1.2955762077425887
0.5182675066349408	1.428954088420097
0.5182675066349408	1.428954088420097
0.7822159018361217	0.7022179850257289
0.12194283440781009	0.7114999417037247
0.14441360497500882	0.8125736277141342
0.7875314684533398	0.4414482534705619
0.469744291762396	0.4851519421980332
0.01735655089820423	-0.18173892554002
-1.3803841140045656	-1.6283450679587452
-1.097179256439899	-1.6432324702471255
-1.1179600507698468	-1.6442994062992329
-0.9791000688077649	-1.5574871828855472
-1.8810612078696864	-2.3261643012323434
-2.2340377632872164	-1.5008013622039627
-2.3700286796530876	-1.7287177536168616
-1.3186094298067013	-1.9825273765798364
-0.7269633289329713	-0.626266897781776
-0.2252286643868937	-0.7426064204678494
-0.2583540616510069	-0.7398325588960284
-0.3717249360037444	-0.6935226273139705
0.29652891994393693	0.5492834539809948
0.2949668437423299	0.8717153541667869
0.2949668437423299	0.8717153541667869
-0.02032978128575849	-0.5480776161803065
-0.27841411308283215	0.42745536518802896
-0.15501276607619585	-0.04224039807442023
1.196810727210854	0.9368573825824831
1.0926854544718743	1.7566009209077227
1.2768329544561798	1.5791253614878487
1.6400733293680083	1.987332635347037
0.6691045374029455	0.6899446699046834
0.6360461324048402	0.6667993137467226
-0.8784135039259671	-1.0370661388494813
-1.4175985138081915	-1.4584693416112124
-1.7283651872790444	-1.6259337692685967
-1.6142898170110507	-2.0036788379963175
-1.4271103128834124	-2.0031032279538423
-1.51780575298535	-1.9513698334064056
-0.39157810105170876	-0.8123890262589346
-0.3664360409191748	-0.8292418202558122
-0.5760954566057005	-0.7913408674262784
-0.721100297583695	-0.9286997615718838
-0.4531150288821237	-0.40214969984368776
-0.02804488823391514	-0.07956142955222187
-0.14918817108867138	-0.0449409269128971
-0.46449330743832035	-0.4655461734239598
0.752675294675831	1.2371769067607932
0.8217865136767101	0.49852392055576267
0.7137865421582268	0.4045152320170064
0.3361548327619032	0.8349645975300595
-0.17965008033074767	-0.6892295614298858
-0.8142845371218047	-0.37403514727509873
-0.8101431911868652	-0.3631797455254991
-0.5725115314377435	-0.3071114948053284
-0.5725115314377435	-0.3071114948053284
-0.25941156246464114	-0.5408259638590509
-0.047675324360762314	-0.03724827976438995
0.10509700472852467	0.0460865208762491
-0.25338685124347887	0.1034147895908832
0.8206058732128788	0.9283076045435186
0.41935816883084076	0.865218066223273
1.1117391156517584	0.2691082062705276
1.2110923622353833	0.38691467912484434
0.6030340863923169	1.2618332242791288
0.6673218311588269	1.20343718691949
1.0367973660274103	0.8611194323208233
1.0604816080595543	0.6132855334900617
1.0604816080595543	0.6132855334900617
1.210985568202029	0.6846981285936652
1.1374994136296566	1.1565649069476656
0.3788467840825487	0.3426571632940795
0.35880379990583927	0.16090970953089725
0.313498677242284	0.1403361258729233
0.3710941982284746	-0.02372330255433394
-0.04060143202239877	-0.7183965880312474
-0.12658690869061348	-1.2246844225565567
-0.39347423208359467	-1.2552692928694038
0.5143835591825363	1.119594250858131
0.31654584844478406	1.147274219156996
0.31654584844478406	1.147274219156996
0.43692388693507805	0.7568867255519898
1.732418087711658	1.1973598707661988
1.856476757116938	2.033901056124515
1.530445824396214	2.2204577895226763
2.1358473964237734	1.3414092829665973
1.6984878926072302	0.8444600562493453
1.6481913930422345	1.7198257929261414
1.6138641628229227	1.6507433900397863
1.1765817965507763	2.031838182126999
1.2249995603584678	1.9485126187810409
0.27667501424724456	1.570197177045052
0.25246357428729455	1.674676594095053
0.48690283811617735	1.6130757436220933
0.3750451532591504	1.6282671146779553
0.5693215904634386	0.644945596634618
-0.020807393223713777	0.8582039651114375
0.36513120399908533	-0.6374803192998295
0.3566788603951637	-0.5118274373831778
0.10068798882966416	-0.837644843282928
0.0944638556043507	-1.0865662950412032
0.11252735657896029	0.05848375409824072
0.7325546649741352	1.1474274352063736
0.607952413985196	1.211463701790499
-0.3630809725863972	0.045126850120059514
-0.32505595670065385	-0.04673664768032569
-0.08106805921302275	-0.4217509053212393
-0.22407817270650696	-0.6457982303258065
-0.23162197707867385	-0.5951703970691542
-0.31866601441173037	-0.45036898244344215
-0.7357694055777645	-0.4837525905955519
0.09843795054431934	0.2981625827568869
-1.112167843924383	-0.44209216105193694
-0.8307958310979661	-2.0061581196166647
0.03971238429447395	-1.670136364318234
-0.14383500816553735	-1.63247979431674
-0.14383500816553735	-1.63247979431674
-0.2116559248920941	-0.8421112726697616
-0.2116559248920941	-0.8421112726697616
-0.10848441963445939	0.5222969000827392
-0.11296038369809924	0.434049002161883
-0.3929878144132683	0.11598676854260043
-0.21509769544949664	-0.581879532755459
-0.19637044713101617	-0.5956828532047235
-0.21080513673003018	-0.6923120908176585
-0.18132945347728913	-0.7068979660420618
-0.42007109287794125	-0.9070404029784911
-0.12302274459068374	-1.0936881590066405
-1.06859895667693	-0.6001615637050259
-1.5481365419587996	-0.5450886178822972
-1.6065881598170306	-0.5119348926902116
-0.5621842205964742	-0.4763357044246608
-0.7874542077469475	-0.3247818520763773
-2.3340515722855804	-1.3766402817710919
-2.40627185108612	-1.196802617477754
-2.037583564675809	-1.4857488041173064
-2.037583564675809	-1.4857488041173064
-0.5959614794195421	-0.8857278400664486
-0.158640168917174	-0.5939162019690202
-0.09146590470586469	-0.8095836525818405
0.44412000927424894	0.5607698536060763
0.6616278461434645	1.1079508747617408
0.7106445960079395	2.071738864086546
0.7106445960079395	2.071738864086546
0.69766215700476	2.0663058014539906
1.8390163551603478	0.5732308708390479
1.9874010183905457	0.5137247251942015
1.937911325103552	0.37467818697933386
1.937911325103552	0.37467818697933386
1.074093985676729	0.3305922884625955
-0.5190961806682618	0.5360935311428737
-0.5190961806682618	0.5360935311428737
0.5711567416202288	-0.05762392984248893
0.4609502285297818	-0.038027647449997606
0.4609502285297818	-0.038027647449997606
0.46136202381304947	-0.0399849461284076
0.3483362890744712	-0.04930683913429299
-0.06750259970696987	-0.5566683384795037
-0.0834238455331551	-0.5354064877672922
0.0798298971552757	-0.4816710869571184
0.1998415605010504	-0.49061885873812816
-0.021375000648280976	0.49261402187582964
-0.3701511290784131	-0.5723147535275941
-0.4388360995375087	-0.5378739801674929
-0.3298205068259009	-0.12430035974599232
-1.880085862793224	-1.1880586966998314
-1.870687836697024	-1.0057193155847248
-1.2274598758984212	-2.0614783730575694
1.0516572103868647	0.6154179534997192
0.8023101212702636	0.5134423768509813
0.6612793421653104	0.628429782820233
0.6040649297050403	0.37235753021673185
0.34401846655619556	0.43877987753039466
1.2833075008938044	1.2887465535922584
1.4441685744901647	1.2948626339713014
1.5859709281458811	0.5430585858248883
1.5859709281458811	0.5430585858248883
1.3783349908779323	0.6531242315484778
0.5275305571470075	1.382563013134567
1.2552799423619336	1.1970644127722065
1.3470344238481116	1.1297279063948984
1.8913702301109374	1.176774689523989
1.0189573732046155	0.6866644509131977
1.0482347927355946	0.6791661302484857
-1.0872011003935573	-0.7301705436525731
-1.0872011003935573	-0.7301705436525731
-1.0947860392543407	-0.005413065737662537
-1.1740212995390071	0.16036318753950626
-1.628655466985669	-0.1207389486788997
-0.7376608435544646	-0.05822957164241996
-1.3067004104841273	0.02615776938076727
-1.469720133800696	-0.22976074947669262
-1.6067010888091	-0.33918085549769933
-1.3212450153907687	-0.7818284654992406
0.3493806178095415	0.06070338180590434
-0.15377741773935133	-0.2015094823724923
# NUTS (ϵ = 0.5)
-0.33955371301788884	-0.41420674145001796
-0.33955371301788884	-0.41420674145001796
-0.5098878485399704	-0.4584917730351997
-0.5187710478953926	-0.7415555513073279
-0.5187710478953926	-0.7415555513073279
-0.5187710478953926	-0.7415555513073279
0.8851365749289939	0.9726775344159476
0.8851365749289939	0.9726775344159476
0.8851365749289939	0.9726775344159476
1.2273361819638737	1.2647934699755492
1.658387728205259	1.3708848963937807
1.7862871325241154	2.1652245001101202
2.4896570148879675	1.688179148207675
2.4896570148879675	1.688179148207675
0.7369608602618072	1.3474910484771905
0.7369608602618072	1.3474910484771905
0.7369608602618072	1.3474910484771905
0.7369608602618072	1.3474910484771905
1.348304105353964	0.4899129977038805
1.4375138587310263	0.9406301047840152
0.16795355802287354	0.6341941222489225
0.9993266645267137	0.826135869104631
0.7915065200705096	-0.21420858521695751
-0.7024372246161996	0.272803099208903
-0.7024372246161996	0.272803099208903
-1.0393880474346004	0.7018860521496858
-0.2832302428400324	0.2821978842372813
-0.6283031651070594	-0.7341595899974366
-1.4026079784443588	-0.8472989196639108
-1.711671221093304	-0.8831809097634646
-1.4958708856096192	-0.9725785314141444
-0.9422142059140153	-0.1541422211418768
-1.1590895920641473	-0.6142269663314917
-0.8083985282097907	-0.20648019892323233
-0.8083985282097907	-0.20648019892323233
-0.9950809693730983	-0.27419330572356826
-1.2254302194344606	-1.0037670915940478
-0.5407226485748197	-0.8460939018179889
-0.5407226485748197	-0.8460939018179889
-0.4177892436957741	-0.4279585048879739
-0.6781380725326154	-0.334619317798039
0.7272517494690736	-0.20213121386071575
0.6509288924207652	1.9754760083761331
0.6509288924207652	1.9754760083761331
0.6509288924207652	1.9754760083761331
0.6235069788000484	1.9069873978703615
0.6235069788000484	1.9069873978703615
0.6235069788000484	1.9069873978703615
0.6235069788000484	1.9069873978703615
1.265009439751509	1.6732412412291615
1.6381481285735222	1.2483685018404733
1.1078140457937786	1.384781746562677
1.824618420508898	1.4639268983964526
1.824618420508898	1.4639268983964526
1.3140069808243804	1.9625190077555303
1.3140069808243804	1.9625190077555303
1.3203996309211818	0.7310948783648903
1.196223685770756	0.48453006568310164
1.0477563713688611	0.4056290085049473
1.0477563713688611	0.4056290085049473
0.6501735317281173	1.357426151979926
0.6501735317281173	1.357426151979926
0.6174904275013879	1.3338270156960788
0.6174904275013879	1.3338270156960788
0.6174904275013879	1.3338270156960788
-0.7911358405905493	-1.1547349121032595
-0.7345019512313192	-2.1445494571526647
-1.0998268878318698	-1.5332255941841186
-1.01912748985347	-1.402921512681823
0.16188635428097542	0.2949959146736518
-0.1628611771716424	0.07451416238898628
0.46919849759149534	0.9818509587304034
0.6887188420430257	0.5259791878134418
0.6887188420430257	0.5259791878134418
1.3626765216772738	1.2443642487022042
1.3451083102447914	1.398139179351105
0.7816476640490027	1.3008321658937676
0.7098385493348607	0.5727579654317738
0.7098385493348607	0.5727579654317738
0.7098385493348607	0.5727579654317738
-1.0823969449292665	-0.3849555739953206
-0.3096782869038667	-0.7115143471160659
-0.3096782869038667	-0.7115143471160659
-0.3096782869038667	-0.7115143471160659
-0.29575593100510167	-0.7887862045379745
-0.30625217900044766	0.15949392879733648
0.2774474742582421	0.8691993870020793
0.024621866018280203	-0.5008779590424894
0.024621866018280203	-0.5008779590424894
0.024621866018280203	-0.5008779590424894
0.7661702940905284	0.7075725758178091
0.10030646036385704	-0.19554056990082225
0.7099833788747199	0.8172715857480254
0.23065812284828263	0.03234274641179291
0.23065812284828263	0.03234274641179291
0.23065812284828263	0.03234274641179291
0.5464471252125052	-0.39780002510610807
0.3562371289890448	-1.0187265462400834
0.3562371289890448	-1.0187265462400834
-0.5772453010456056	0.2804485160120549
-0.2539297886505335	-1.1380792881819772
-0.43116043519639063	-0.9703548589518667
0.13492494838701624	0.9865832871859437
0.96579164816378	0.9145330193217306
0.96579164816378	0.9145330193217306
-0.9952890062261393	-0.7996513144554123
1.4885990667632438	1.6412717619052348
1.5243098481390902	0.818627348597897
1.5243098481390902	0.818627348597897
2.040681976418925	1.9506050467133076
-0.4152188562906248	0.013619275994310787
0.5540491674261177	0.7616577509534603
-0.17498321523394345	-0.7839132711770562
-0.17498321523394345	-0.7839132711770562
-0.17498321523394345	-0.7839132711770562
-0.07277484705326692	0.5352980127032376
0.6511623286432384	1.2457232595651306
0.6511623286432384	1.2457232595651306
0.6511623286432384	1.2457232595651306
0.6269663714941591	1.108674259185764
0.6269663714941591	1.108674259185764
0.6269663714941591	1.108674259185764
-1.0395060814934902	-1.105517416029145
-1.0395060814934902	-1.105517416029145
-1.2546334828247563	-0.23165630829975825
-1.1590789417396943	-0.5356849344609502
-1.1590789417396943	-0.5356849344609502
0.5762804395843861	0.3035464688087753
-0.09029747286845291	0.2410845609231917
-0.8075866315937719	0.2815875497736017
-0.7417621612052261	-0.8824845782365023
-0.09509828057775721	0.36928209890010877
-0.09509828057775721	0.36928209890010877
-0.09509828057775721	0.36928209890010877
1.0363366629898836	0.6663952914303555
1.0363366629898836	0.6663952914303555
1.0363366629898836	0.6663952914303555
0.9804653378771071	1.0725853661363478
-0.7474797547986682	-0.532169525891149
-0.4887412719031081	-1.0626409479839736
-0.4887412719031081	-1.0626409479839736
1.4640525529536743	0.5459886717611874
0.05760198137346917	0.6710221029715788
1.7369131948527325	1.3914137166372333
0.5841570841049457	0.7802184799701979
0.2668336945651395	0.8138981015971832
0.3566373317095508	0.8844641165571061
0.3566373317095508	0.8844641165571061
0.3566373317095508	0.8844641165571061
0.3566373317095508	0.8844641165571061
-1.0474154490505643	-1.1951762897264153
-1.0978378761242664	-1.165898384132268
0.19850375778343043	0.3144311386348151
-0.6203609895758939	-0.5041103885375705
-0.6203609895758939	-0.5041103885375705
-0.6203609895758939	-0.5041103885375705
-0.09980425259170844	-0.40941465423772117
0.12238519224484334	-0.32286827741251883
-1.2937533518157538	-0.773185462475957
-0.8424090266317437	-1.323217711467592
-0.9074228360806867	-1.1761246838113517
-0.5986468709608367	-1.3677034246934885
-0.5986468709608367	-1.3677034246934885
-0.5986468709608367	-1.3677034246934885
0.22046169404395388	1.00942722461946
0.23608416041540145	1.1349341490008729
-0.7415250539146714	-0.4129971701873992
-1.2849004597946254	-2.309514999848277
-1.2849004597946254	-2.309514999848277
-1.0548154989668894	-2.0911145469171344
-1.5381456279576189	-1.9355097770504461
-1.5381456279576189	-1.9355097770504461
1.905971782001727	1.4094496734398323
2.1909933108395183	1.2487221661556642
2.1909933108395183	1.2487221661556642
0.386519950085199	1.3190071889825288
0.386519950085199	1.3190071889825288
0.386519950085199	1.3190071889825288
0.386519950085199	1.3190071889825288
1.6540618674005592	1.7323982878346427
1.1829993924842168	1.5177047283186553
1.54556264274308	1.3079400950545215
1.54556264274308	1.3079400950545215
0.7489370700326033	1.6481669472017546
0.09868509605133113	0.7704157617118026
-0.31755698254566844	0.5232800847337541
-0.6057558337394928	-1.0978855031822814
-0.6057558337394928	-1.0978855031822814
-0.524260367126418	-1.330109171261472
-1.279742159133657	-0.38585673754116423
-1.279742159133657	-0.38585673754116423
0.4705775842737126	1.3968956959372654
0.4705775842737126	1.3968956959372654
0.8242334534580542	0.6073955674117524
0.8242334534580542	0.6073955674117524
0.6427840129329878	1.231584947003018
1.189575502140596	0.15144661656103992
-0.08657839135980616	0.5429478656829743
0.32054461301636733	0.19247405621002212
0.32054461301636733	0.19247405621002212
0.4103410719951167	0.09933793929570908
-0.37604299248788364	0.6601762893144517
-0.37604299248788364	0.6601762893144517
-0.37604299248788364	0.6601762893144517
0.10244274230139716	-1.1637800866219292
-0.3581819024485967	0.9449777312328203
0.2720086231922437	0.32517413058937894
-0.21199836175004855	0.3491971399669433
1.9386056320248044	1.1417066915185081
1.9386056320248044	1.1417066915185081
1.2533276957504005	1.914300876538804
1.1521367520761323	1.3832374650332155
0.805490428746577	0.9538338056839588
0.805490428746577	0.9538338056839588
-1.106491647699972	-1.1427167008019747
-1.106491647699972	-1.1427167008019747
-0.4354541672942638	-1.4120795076643178
-0.4354541672942638	-1.4120795076643178
-0.5299664354210213	-1.1175563917878528
-0.30057007502063937	-1.2060115937600902
-0.30057007502063937	-1.2060115937600902
-0.945424279542033	-0.8565715445741721
-0.3208945972851589	-0.43099783729922403
-0.41751872395767586	0.2624667702331679
-0.41751872395767586	0.2624667702331679
-0.940078325758129	-0.041312033261291736
-0.940078325758129	-0.041312033261291736
-0.22004773498940425	-1.7297685821695887
0.024991900602592626	-1.2494129428677616
1.0980763686315091	-0.8787768687298736
0.9154856432597152	-0.6354940216410416
-0.03554079767294094	0.5329785566054905
-0.03554079767294094	0.5329785566054905
-0.19409076423907573	-1.063714868345666
0.19971973180152913	-0.7498623671943355
0.400600974983555	0.6995319331413364
0.6620926743013065	1.3278201222432324
-0.23662731639400203	-0.06612773143710093
0.4872121375362721	0.6011265334903361
0.4872121375362721	0.6011265334903361
0.4872121375362721	0.6011265334903361
-0.01333642281789138	0.9970347415600118
-0.01333642281789138	0.9970347415600118
0.39750138643994704	-0.12614981721431806
0.23584992603078225	0.42154543731882543
0.23584992603078225	0.42154543731882543
0.23584992603078225	0.42154543731882543
0.30708027208421407	0.4252718341814943
0.30708027208421407	0.4252718341814943
0.055534100724679625	0.14451063710257367
0.055534100724679625	0.14451063710257367
-0.05716416447573526	-0.15582043439670284
-0.1282973851442547	-0.5729785505897882
-2.0079801684023058	-1.548177710191846
-1.9725398473972067	-1.4908839158118807
-1.7919674928716156	-1.630735405030809
-1.7919674928716156	-1.630735405030809
-1.2106884700513536	-1.3374814998381317
-1.2106884700513536	-1.3374814998381317
-1.2106884700513536	-1.3374814998381317
-0.9920381671405754	-1.0995631726247468
-1.5199125065926526	-2.375071926087554
-1.7884783086533245	-1.9352372445360704
-1.7884783086533245	-1.9352372445360704
-1.7884783086533245	-1.9352372445360704
-1.7884783086533245	-1.9352372445360704
-1.733570729151012	-1.606107241230808
-0.16053727508156948	0.17966442505521818
-0.41006944527606454	-0.2690468529216618
-1.2172273980121056	0.29483742074054803
1.0368934126829032	0.2837775372919453
0.7228345878257896	0.4797971504093115
0.7228345878257896	0.4797971504093115
0.21868426199194557	0.43658302950628525
0.21868426199194557	0.43658302950628525
0.21868426199194557	0.43658302950628525
0.7646981674399684	0.9662956206702497
1.070836162753687	0.9339174006722599
1.0457076567457182	0.7960284789291924
-0.11542630301690648	0.5676233656650711
-0.11542630301690648	0.5676233656650711
0.055378365980952415	0.6993212402772986
0.055378365980952415	0.6993212402772986
0.6954805259441241	0.27781709491775636
0.6954805259441241	0.27781709491775636
0.387177475431735	-0.38912984964899544
-0.540405701532251	-0.6714778243798606
-0.18831372719172895	-0.8360362440890305
-0.18831372719172895	-0.8360362440890305
-1.6340252671576643	-0.4803054383482983
-1.6340252671576643	-0.4803054383482983
-1.0142904144711156	-0.8247620082577715
-0.11407449649437185	0.3237487397534298
-0.11407449649437185	0.3237487397534298
-0.03308187548445107	-0.4238849992403592
0.2884394794463648	-0.9281524605854372
-0.22633050332333088	-0.2821034362159648
-0.22633050332333088	-0.2821034362159648
-0.22633050332333088	-0.2821034362159648
-0.20354194816707755	-0.1521000544459486
0.2162414161875575	-0.1393325985112793
0.2162414161875575	-0.1393325985112793
0.2162414161875575	-0.1393325985112793
0.054045216707264254	0.9576855985421681
-0.23936885726512028	-1.0518332506594206
-0.23936885726512028	-1.0518332506594206
0.191849407578468	-1.0238070372465746
0.009070685826256475	-0.3440744187761231
-0.4109610631358635	-0.31788629215185804
0.9423482673476011	0.6275267061873128
0.3582422180191518	0.6895804568755037
-0.44858477653117057	-0.3842425826151883
0.5947521502774193	1.0485506878582476
-0.18668020653935247	-0.5101393418645679
-0.06411080927709856	-0.5279369577428206
-0.07263637001109649	-0.5335095880051024
-1.0912257801792244	-0.9379914555444078
1.9471057779400338	0.8517307488491881
1.9471057779400338	0.8517307488491881
1.9471057779400338	0.8517307488491881
-0.14660184970683887	0.7469791465088345
-0.14660184970683887	0.7469791465088345
-0.046177790014759496	0.6839440304459963
0.6714427281855732	-0.15383442217531496
0.6714427281855732	-0.15383442217531496
0.6714427281855732	-0.15383442217531496
-0.11797866663848466	0.46865587063585745
-0.10243425977070766	-0.0030961460664479246
-0.5414661587075758	0.46955855386627166
-0.11460432877121063	0.3891134685701606
0.0009116201697829812	-0.4269998937738725
0.0009116201697829812	-0.4269998937738725
1.2470621098703027	0.9540970538843784
-0.20257360858091578	-0.1651116817970636
-0.11872353355043794	-0.13009052132882484
0.5268850845035062	0.8059781580139145
0.5268850845035062	0.8059781580139145
0.5268850845035062	0.8059781580139145
0.5268850845035062	0.8059781580139145
0.5268850845035062	0.8059781580139145
1.070577884912891	1.0212786058294463
-0.4606594505529409	-0.36553403828326947
-0.37976133566073944	-0.5120100761755602
-0.37976133566073944	-0.5120100761755602
-0.1731088755523762	0.7165177913661243
-0.509252128013824	-1.1254362042024668
-0.509252128013824	-1.1254362042024668
0.09544357043488039	-0.7210773125886643
0.09544357043488039	-0.7210773125886643
-1.0035348434687446	-0.5092979281041966
-1.0035348434687446	-0.5092979281041966
0.4888520728653716	0.4768063131787557
0.6432855086740811	1.081617060442036
-1.4764209720156294	-1.5416583333153668
-1.4764209720156294	-1.5416583333153668
-1.4764209720156294	-1.5416583333153668
-1.7618117486626854	-1.7344527493423534
-1.5751250438273718	-1.8152566700294197
-1.5751250438273718	-1.8152566700294197
-1.5751250438273718	-1.8152566700294197
-1.9644362809429199	-1.3806519208867813
-1.9644362809429199	-1.3806519208867813
-0.6797716245107848	-0.977442661492366
-0.7023182755199917	-0.5298985564740257
-1.3784246654158208	-1.2477327701269219
-1.4241478159749834	-1.2766478411612803
-1.3929761186212877	-0.2706466548574835
-1.3929761186212877	-0.2706466548574835
-0.9587747218681301	-1.3940053237487884
-0.9622368175012778	-0.8167848476943156
-1.753966790068183	-0.8773205943985218
0.779373701618367	0.17209652513588547
-1.3696609636740118	-0.6040418883452167
-1.1038517346162522	-0.951591732768435
0.02587698261889948	0.15181187139580232
0.02587698261889948	0.15181187139580232
0.026764617559973385	-0.051769513334876144
-1.001875526863699	-0.47547925872489066
-1.001875526863699	-0.47547925872489066
-1.001875526863699	-0.47547925872489066
-0.735826264772558	-1.2488511693012445
-1.2605383904793284	-0.777609742654041
-0.9161026931579516	-1.7281432740585654
-0.6383329987088202	-0.12182996805873958
-0.6383329987088202	-0.12182996805873958
-0.6383329987088202	-0.12182996805873958
-0.8449941263762506	-0.1295941315852513
-0.8629916217578066	-0.685531477465273
-0.8629916217578066	-0.685531477465273
0.5420310119447714	-0.34137119579639835
0.5420310119447714	-0.34137119579639835
0.32486804522905943	-0.3122869018686558
-0.7468211776271864	-1.424914258180081
-0.7468211776271864	-1.424914258180081
-0.64793516288356	-0.3269204962911183
-0.6292729244506401	-0.5028855042437834
-0.4783745032909774	-0.8566074830992422
-0.3361375398590354	-0.07619642364573553
0.7244536859057982	0.6785135765123315
0.7244536859057982	0.6785135765123315
0.7244536859057982	0.6785135765123315
0.2102538702243446	0.40141865666249843
-0.011197456436098319	0.09927482077731486
1.4423024934061286	0.8304421391408363
1.4489938158278837	1.0218581709116021
0.9381364471768432	1.1378836665365044
0.7237400052584503	1.1837573481464356
1.2221556447421555	0.932675344037553
1.2221556447421555	0.932675344037553
-0.6153130576441257	-0.4720075019838317
0.08400611304229366	0.4280913311377956
0.08400611304229366	0.4280913311377956
0.08400611304229366	0.4280913311377956
0.6498773177580407	0.843806246212146
0.6498773177580407	0.843806246212146
0.6451538549778915	0.16437538466254242
0.013483292102141498	0.25285211787724315
0.013483292102141498	0.25285211787724315
-1.0304648445419045	-1.082811425519793
-0.6555692623668684	-0.49015773302198407
-1.1933993031220098	-1.1420289225240383
-1.0871709708207826	-1.2318183304494672
-0.9868682862098358	-0.8196008374144783
-0.9868682862098358	-0.8196008374144783
-0.9389037011778978	-0.2810508198948314
-1.163073638160021	-2.0397742308163593
-1.2117250017604788	-1.0468271878084243
0.46295011775079387	0.19289833023333747
-0.11317385047721162	-0.42168419918928
0.41649251279629285	-0.014749483862968704
0.41649251279629285	-0.014749483862968704
0.28354828597791554	0.010241132603748884
-0.12260294782815273	0.11418350001246129
0.8081180850354666	0.6464518781843882
1.3333634286621328	1.2144305054524875
1.3333634286621328	1.2144305054524875
1.1453541195841817	0.9707865739202971
0.9500204104807258	0.7288297679019611
0.9500204104807258	0.7288297679019611
0.9500204104807258	0.7288297679019611
0.9500204104807258	0.7288297679019611
0.9500204104807258	0.7288297679019611
0.9500204104807258	0.7288297679019611
0.8542591261142695	0.745537291404942
0.8542591261142695	0.745537291404942
1.7499549926582398	2.2844216109790483
1.2265902722988256	0.3481460702522521
0.9818888248130637	-0.013557659680311251
0.9528665526196932	0.08855629912896418
0.8870224632665358	-0.6722357701698791
-0.12758823471096692	-0.2049654814323002
-0.12758823471096692	-0.2049654814323002
-0.12758823471096692	-0.2049654814323002
-0.12758823471096692	-0.2049654814323002
-0.2343916309536975	-0.7104378069519725
-0.2596890859298763	-0.6805912951268841
-1.123784827197901	-0.21496530938142422
-1.123784827197901	-0.21496530938142422
-0.994336139762553	-0.43726558485257694
-0.994336139762553	-0.43726558485257694
-0.4129904268370849	-0.6442864182836373
-0.5279338573777382	-0.3279068127066593
0.008190240526431636	0.3031057709388289
-0.6060476606533773	-0.4021148438065962
-1.4233943341286466	-1.3591739740598732
-1.4590436544402445	-1.6388729232927048
-0.309615674823716	0.07484162386120952
0.529391745186182	0.624956475480494
0.529391745186182	0.624956475480494
-0.11886971871180185	-0.10054087796126743
-0.6053507522721078	-0.4724927550406589
-0.6053507522721078	-0.4724927550406589
-0.45987522757451477	-1.1086224616402869
-0.45987522757451477	-1.1086224616402869
-0.5884800157848393	-0.4579046008067553
0.18968978829259597	-0.5673295064072013
-0.43663571129181417	-0.677873799306622
-0.7568127875085133	-0.1594337015408962
-0.6305676422789821	-0.05793535036334019
-0.6305676422789821	-0.05793535036334019
0.6287402567231284	-0.01026178804423844
0.13601153782172526	0.7920936394428058
-0.11005230158089829	0.876413395571928
1.16218172809644	0.1753302695454092
0.8995101391236364	1.2455086030805171
0.23745533382297102	1.4695968539222892
1.6720827269454854	0.6619491323919757
1.6720827269454854	0.6619491323919757
1.6720827269454854	0.6619491323919757
0.6976252989108658	0.6925893464332382
0.6976252989108658	0.6925893464332382
0.11381457373073084	-0.214732973339388
0.11381457373073084	-0.214732973339388
0.5624898276124635	-0.42383738198323617
-0.21671578509844447	-0.6234050253079096
-0.2995456531685756	0.4019436013781362
0.16499522962368673	0.41984673964842956
0.16499522962368673	0.41984673964842956
-0.7390417221283605	-0.05618684912572758
-0.40557657589314655	-0.5079476712660043
