0.0
0.6791074260357777
1.5075209089358137
1.1545135086352174
1.0196596367046957
1.6062767113378054
1.9036125621872215
1.968560110735564
1.8595427256538464
1.3453323348205244
2.9196625369575138
2.230755409131816
1.4679515927213576
1.865434001939521
2.677063624446396
2.330709020167598
2.1431363382224378
0.5358800140946625
-1.9449127165652778
0.3313201162192465
0.5510135837617874
0.43387605302885224
-0.16737754115653136
0.974898897784788
0.886282579584315
1.1657488316742133
1.2771705097657307
0.9192869950954063
1.3930013172447375
1.6932352462687073
0.9305581866012833
2.3536067672656014
2.761993584227309
3.3506149648297736
3.054337267720698
3.7454480018309457
4.25232163587322
4.195391759774263
2.4243681144021236
4.014990634709532
5.412052082109275
5.893608121633527
5.571664968737557
5.818007601745821
5.639218869432798
4.16133814451093
3.9759139627779403
5.245637653813193
5.083133789480713
5.015947084198771
5.59322907079056
6.484544161867102
4.190053818593595
3.017028066324754
2.1371125671594693
1.6430699073551627
2.1550292096673207
1.3963282265723973
0.6283683870693383
0.5980652107487703
-0.7211699842994961
-1.2037741220185558
-2.3613229899903745
-2.5754734137992092
-3.947404543840298
-5.485461444301146
-6.712882871774333
-8.671360432014469
-9.144491759894667
-7.805740615858349
-6.9979234621458035
-8.048846133822202
-7.232671312252358
-7.0801705948600135
-7.410263504533653
-5.965949064503157
-6.40879338352275
-5.311929506553504
-5.562988969892023
-5.270695775479002
-8.738062306374545
-9.266493226409334
-9.149021695977433
-7.045459933604714
-5.522605275579143
-7.631057034352752
-7.074315636810346
-7.643170082680848
-8.12010993778089
-7.945515969483056
-9.463121135605697
-9.021548203250093
-7.344654500407989
-7.106173330204273
-4.792380808884664
-4.8742317602662535
-3.5364362335209805
-2.3168052060134627
-3.538673634611338
-3.2817591572658804
